[ 2017-02-14T21:04:46+08:00 ] 127.0.0.1 /favicon.ico
INFO: [ app_init ] --START--
INFO: Run Behavior\BuildLiteBehavior [ RunTime:0.000000s ]
INFO: [ app_init ] --END-- [ RunTime:0.002000s ]

[ 2017-02-14T21:04:49+08:00 ] 127.0.0.1 /
INFO: [ app_init ] --START--
INFO: Run Behavior\BuildLiteBehavior [ RunTime:0.000000s ]
INFO: [ app_init ] --END-- [ RunTime:0.000000s ]
INFO: [ app_begin ] --START--
INFO: Run Behavior\ReadHtmlCacheBehavior [ RunTime:0.001000s ]
INFO: [ app_begin ] --END-- [ RunTime:0.001000s ]
SQL: SHOW COLUMNS FROM `oj_users` [ RunTime:0.0070s ]
SQL: SELECT * FROM `oj_users` WHERE `id` = null LIMIT 1   [ RunTime:0.0000s ]
SQL: SHOW COLUMNS FROM `oj_job_category` [ RunTime:0.0070s ]
SQL: SELECT * FROM `oj_job_category` WHERE ( pid=0 )  [ RunTime:0.0000s ]
SQL: SELECT * FROM `oj_job_category` WHERE ( pid=1 )  [ RunTime:0.0010s ]
SQL: SELECT * FROM `oj_job_category` WHERE ( pid=7 )  [ RunTime:0.0000s ]
SQL: SELECT * FROM `oj_job_category` WHERE ( pid=9 )  [ RunTime:0.0000s ]
SQL: SELECT * FROM `oj_job_category` WHERE ( pid=10 )  [ RunTime:0.0010s ]
SQL: SELECT * FROM `oj_job_category` WHERE ( pid=53 )  [ RunTime:0.0000s ]
SQL: SELECT * FROM `oj_job_category` WHERE ( pid=72 )  [ RunTime:0.0000s ]
SQL: SELECT * FROM `oj_job_category` WHERE ( pid=73 )  [ RunTime:0.0000s ]
SQL: SELECT * FROM `oj_job_category` WHERE ( pid=74 )  [ RunTime:0.0010s ]
SQL: SELECT * FROM `oj_job_category` WHERE ( pid=75 )  [ RunTime:0.0000s ]
SQL: SELECT * FROM `oj_job_category` WHERE ( pid=11 )  [ RunTime:0.0000s ]
SQL: SELECT * FROM `oj_job_category` WHERE ( pid=12 )  [ RunTime:0.0000s ]
SQL: SELECT * FROM `oj_job_category` WHERE ( pid=13 )  [ RunTime:0.0010s ]
SQL: SELECT * FROM `oj_job_category` WHERE ( pid=14 )  [ RunTime:0.0000s ]
SQL: SELECT * FROM `oj_job_category` WHERE ( pid=15 )  [ RunTime:0.0000s ]
SQL: SELECT * FROM `oj_job_category` WHERE ( pid=16 )  [ RunTime:0.0000s ]
SQL: SELECT * FROM `oj_job_category` WHERE ( pid=76 )  [ RunTime:0.0010s ]
SQL: SELECT * FROM `oj_job_category` WHERE ( pid=77 )  [ RunTime:0.0000s ]
SQL: SELECT * FROM `oj_job_category` WHERE ( pid=78 )  [ RunTime:0.0000s ]
SQL: SELECT * FROM `oj_job_category` WHERE ( pid=79 )  [ RunTime:0.0000s ]
SQL: SELECT * FROM `oj_job_category` WHERE ( pid=80 )  [ RunTime:0.0010s ]
SQL: SELECT * FROM `oj_job_category` WHERE ( pid=18 )  [ RunTime:0.0000s ]
SQL: SELECT * FROM `oj_job_category` WHERE ( pid=8 )  [ RunTime:0.0000s ]
SQL: SELECT * FROM `oj_job_category` WHERE ( pid=19 )  [ RunTime:0.0000s ]
SQL: SELECT * FROM `oj_job_category` WHERE ( pid=20 )  [ RunTime:0.0010s ]
SQL: SELECT * FROM `oj_job_category` WHERE ( pid=21 )  [ RunTime:0.0000s ]
SQL: SELECT * FROM `oj_job_category` WHERE ( pid=54 )  [ RunTime:0.0000s ]
SQL: SELECT * FROM `oj_job_category` WHERE ( pid=81 )  [ RunTime:0.0000s ]
SQL: SELECT * FROM `oj_job_category` WHERE ( pid=82 )  [ RunTime:0.0010s ]
SQL: SELECT * FROM `oj_job_category` WHERE ( pid=83 )  [ RunTime:0.0000s ]
SQL: SELECT * FROM `oj_job_category` WHERE ( pid=84 )  [ RunTime:0.0000s ]
SQL: SELECT * FROM `oj_job_category` WHERE ( pid=85 )  [ RunTime:0.0000s ]
SQL: SELECT * FROM `oj_job_category` WHERE ( pid=86 )  [ RunTime:0.0010s ]
SQL: SELECT * FROM `oj_job_category` WHERE ( pid=87 )  [ RunTime:0.0000s ]
SQL: SELECT * FROM `oj_job_category` WHERE ( pid=88 )  [ RunTime:0.0000s ]
SQL: SELECT * FROM `oj_job_category` WHERE ( pid=89 )  [ RunTime:0.0000s ]
SQL: SELECT * FROM `oj_job_category` WHERE ( pid=90 )  [ RunTime:0.0010s ]
SQL: SELECT * FROM `oj_job_category` WHERE ( pid=91 )  [ RunTime:0.0000s ]
SQL: SELECT * FROM `oj_job_category` WHERE ( pid=55 )  [ RunTime:0.0000s ]
SQL: SELECT * FROM `oj_job_category` WHERE ( pid=92 )  [ RunTime:0.0000s ]
SQL: SELECT * FROM `oj_job_category` WHERE ( pid=93 )  [ RunTime:0.0010s ]
SQL: SELECT * FROM `oj_job_category` WHERE ( pid=94 )  [ RunTime:0.0000s ]
SQL: SELECT * FROM `oj_job_category` WHERE ( pid=95 )  [ RunTime:0.0000s ]
SQL: SELECT * FROM `oj_job_category` WHERE ( pid=96 )  [ RunTime:0.0000s ]
SQL: SELECT * FROM `oj_job_category` WHERE ( pid=97 )  [ RunTime:0.0010s ]
SQL: SELECT * FROM `oj_job_category` WHERE ( pid=98 )  [ RunTime:0.0000s ]
SQL: SELECT * FROM `oj_job_category` WHERE ( pid=99 )  [ RunTime:0.0000s ]
SQL: SELECT * FROM `oj_job_category` WHERE ( pid=100 )  [ RunTime:0.0000s ]
SQL: SELECT * FROM `oj_job_category` WHERE ( pid=101 )  [ RunTime:0.0000s ]
SQL: SELECT * FROM `oj_job_category` WHERE ( pid=56 )  [ RunTime:0.0000s ]
SQL: SELECT * FROM `oj_job_category` WHERE ( pid=102 )  [ RunTime:0.0000s ]
SQL: SELECT * FROM `oj_job_category` WHERE ( pid=103 )  [ RunTime:0.0000s ]
SQL: SELECT * FROM `oj_job_category` WHERE ( pid=104 )  [ RunTime:0.0000s ]
SQL: SELECT * FROM `oj_job_category` WHERE ( pid=105 )  [ RunTime:0.0000s ]
SQL: SELECT * FROM `oj_job_category` WHERE ( pid=106 )  [ RunTime:0.0000s ]
SQL: SELECT * FROM `oj_job_category` WHERE ( pid=107 )  [ RunTime:0.0010s ]
SQL: SELECT * FROM `oj_job_category` WHERE ( pid=108 )  [ RunTime:0.0000s ]
SQL: SELECT * FROM `oj_job_category` WHERE ( pid=109 )  [ RunTime:0.0000s ]
SQL: SELECT * FROM `oj_job_category` WHERE ( pid=110 )  [ RunTime:0.0000s ]
SQL: SELECT * FROM `oj_job_category` WHERE ( pid=57 )  [ RunTime:0.0010s ]
SQL: SELECT * FROM `oj_job_category` WHERE ( pid=111 )  [ RunTime:0.0000s ]
SQL: SELECT * FROM `oj_job_category` WHERE ( pid=112 )  [ RunTime:0.0000s ]
SQL: SELECT * FROM `oj_job_category` WHERE ( pid=113 )  [ RunTime:0.0000s ]
SQL: SELECT * FROM `oj_job_category` WHERE ( pid=114 )  [ RunTime:0.0010s ]
SQL: SELECT * FROM `oj_job_category` WHERE ( pid=115 )  [ RunTime:0.0000s ]
SQL: SELECT * FROM `oj_job_category` WHERE ( pid=116 )  [ RunTime:0.0000s ]
SQL: SELECT * FROM `oj_job_category` WHERE ( pid=117 )  [ RunTime:0.0000s ]
SQL: SELECT * FROM `oj_job_category` WHERE ( pid=118 )  [ RunTime:0.0010s ]
SQL: SELECT * FROM `oj_job_category` WHERE ( pid=58 )  [ RunTime:0.0000s ]
SQL: SELECT * FROM `oj_job_category` WHERE ( pid=119 )  [ RunTime:0.0000s ]
SQL: SELECT * FROM `oj_job_category` WHERE ( pid=120 )  [ RunTime:0.0000s ]
SQL: SELECT * FROM `oj_job_category` WHERE ( pid=59 )  [ RunTime:0.0010s ]
SQL: SELECT * FROM `oj_job_category` WHERE ( pid=125 )  [ RunTime:0.0000s ]
SQL: SELECT * FROM `oj_job_category` WHERE ( pid=126 )  [ RunTime:0.0000s ]
SQL: SELECT * FROM `oj_job_category` WHERE ( pid=127 )  [ RunTime:0.0010s ]
SQL: SELECT * FROM `oj_job_category` WHERE ( pid=128 )  [ RunTime:0.0000s ]
SQL: SELECT * FROM `oj_job_category` WHERE ( pid=129 )  [ RunTime:0.0000s ]
SQL: SELECT * FROM `oj_job_category` WHERE ( pid=130 )  [ RunTime:0.0000s ]
SQL: SELECT * FROM `oj_job_category` WHERE ( pid=131 )  [ RunTime:0.0010s ]
SQL: SELECT * FROM `oj_job_category` WHERE ( pid=132 )  [ RunTime:0.0000s ]
SQL: SELECT * FROM `oj_job_category` WHERE ( pid=60 )  [ RunTime:0.0000s ]
SQL: SELECT * FROM `oj_job_category` WHERE ( pid=121 )  [ RunTime:0.0000s ]
SQL: SELECT * FROM `oj_job_category` WHERE ( pid=122 )  [ RunTime:0.0010s ]
SQL: SELECT * FROM `oj_job_category` WHERE ( pid=123 )  [ RunTime:0.0000s ]
SQL: SELECT * FROM `oj_job_category` WHERE ( pid=124 )  [ RunTime:0.0000s ]
SQL: SELECT * FROM `oj_job_category` WHERE ( pid=2 )  [ RunTime:0.0010s ]
SQL: SELECT * FROM `oj_job_category` WHERE ( pid=22 )  [ RunTime:0.0000s ]
SQL: SELECT * FROM `oj_job_category` WHERE ( pid=23 )  [ RunTime:0.0000s ]
SQL: SELECT * FROM `oj_job_category` WHERE ( pid=133 )  [ RunTime:0.0000s ]
SQL: SELECT * FROM `oj_job_category` WHERE ( pid=134 )  [ RunTime:0.0010s ]
SQL: SELECT * FROM `oj_job_category` WHERE ( pid=135 )  [ RunTime:0.0000s ]
SQL: SELECT * FROM `oj_job_category` WHERE ( pid=136 )  [ RunTime:0.0000s ]
SQL: SELECT * FROM `oj_job_category` WHERE ( pid=137 )  [ RunTime:0.0000s ]
SQL: SELECT * FROM `oj_job_category` WHERE ( pid=138 )  [ RunTime:0.0000s ]
SQL: SELECT * FROM `oj_job_category` WHERE ( pid=61 )  [ RunTime:0.0000s ]
SQL: SELECT * FROM `oj_job_category` WHERE ( pid=139 )  [ RunTime:0.0000s ]
SQL: SELECT * FROM `oj_job_category` WHERE ( pid=140 )  [ RunTime:0.0000s ]
SQL: SELECT * FROM `oj_job_category` WHERE ( pid=141 )  [ RunTime:0.0000s ]
SQL: SELECT * FROM `oj_job_category` WHERE ( pid=62 )  [ RunTime:0.0000s ]
SQL: SELECT * FROM `oj_job_category` WHERE ( pid=142 )  [ RunTime:0.0000s ]
SQL: SELECT * FROM `oj_job_category` WHERE ( pid=143 )  [ RunTime:0.0000s ]
SQL: SELECT * FROM `oj_job_category` WHERE ( pid=144 )  [ RunTime:0.0010s ]
SQL: SELECT * FROM `oj_job_category` WHERE ( pid=3 )  [ RunTime:0.0000s ]
SQL: SELECT * FROM `oj_job_category` WHERE ( pid=24 )  [ RunTime:0.0000s ]
SQL: SELECT * FROM `oj_job_category` WHERE ( pid=25 )  [ RunTime:0.0010s ]
SQL: SELECT * FROM `oj_job_category` WHERE ( pid=145 )  [ RunTime:0.0010s ]
SQL: SELECT * FROM `oj_job_category` WHERE ( pid=146 )  [ RunTime:0.0000s ]
SQL: SELECT * FROM `oj_job_category` WHERE ( pid=147 )  [ RunTime:0.0010s ]
SQL: SELECT * FROM `oj_job_category` WHERE ( pid=148 )  [ RunTime:0.0000s ]
SQL: SELECT * FROM `oj_job_category` WHERE ( pid=149 )  [ RunTime:0.0000s ]
SQL: SELECT * FROM `oj_job_category` WHERE ( pid=150 )  [ RunTime:0.0000s ]
SQL: SELECT * FROM `oj_job_category` WHERE ( pid=151 )  [ RunTime:0.0010s ]
SQL: SELECT * FROM `oj_job_category` WHERE ( pid=26 )  [ RunTime:0.0000s ]
SQL: SELECT * FROM `oj_job_category` WHERE ( pid=27 )  [ RunTime:0.0000s ]
SQL: SELECT * FROM `oj_job_category` WHERE ( pid=152 )  [ RunTime:0.0000s ]
SQL: SELECT * FROM `oj_job_category` WHERE ( pid=153 )  [ RunTime:0.0010s ]
SQL: SELECT * FROM `oj_job_category` WHERE ( pid=154 )  [ RunTime:0.0000s ]
SQL: SELECT * FROM `oj_job_category` WHERE ( pid=155 )  [ RunTime:0.0000s ]
SQL: SELECT * FROM `oj_job_category` WHERE ( pid=63 )  [ RunTime:0.0000s ]
SQL: SELECT * FROM `oj_job_category` WHERE ( pid=156 )  [ RunTime:0.0010s ]
SQL: SELECT * FROM `oj_job_category` WHERE ( pid=157 )  [ RunTime:0.0000s ]
SQL: SELECT * FROM `oj_job_category` WHERE ( pid=158 )  [ RunTime:0.0000s ]
SQL: SELECT * FROM `oj_job_category` WHERE ( pid=64 )  [ RunTime:0.0000s ]
SQL: SELECT * FROM `oj_job_category` WHERE ( pid=159 )  [ RunTime:0.0000s ]
SQL: SELECT * FROM `oj_job_category` WHERE ( pid=160 )  [ RunTime:0.0000s ]
SQL: SELECT * FROM `oj_job_category` WHERE ( pid=161 )  [ RunTime:0.0000s ]
SQL: SELECT * FROM `oj_job_category` WHERE ( pid=180 )  [ RunTime:0.0000s ]
SQL: SELECT * FROM `oj_job_category` WHERE ( pid=4 )  [ RunTime:0.0010s ]
SQL: SELECT * FROM `oj_job_category` WHERE ( pid=28 )  [ RunTime:0.0000s ]
SQL: SELECT * FROM `oj_job_category` WHERE ( pid=29 )  [ RunTime:0.0000s ]
SQL: SELECT * FROM `oj_job_category` WHERE ( pid=30 )  [ RunTime:0.0010s ]
SQL: SELECT * FROM `oj_job_category` WHERE ( pid=162 )  [ RunTime:0.0000s ]
SQL: SELECT * FROM `oj_job_category` WHERE ( pid=163 )  [ RunTime:0.0000s ]
SQL: SELECT * FROM `oj_job_category` WHERE ( pid=164 )  [ RunTime:0.0000s ]
SQL: SELECT * FROM `oj_job_category` WHERE ( pid=165 )  [ RunTime:0.0010s ]
SQL: SELECT * FROM `oj_job_category` WHERE ( pid=166 )  [ RunTime:0.0000s ]
SQL: SELECT * FROM `oj_job_category` WHERE ( pid=167 )  [ RunTime:0.0000s ]
SQL: SELECT * FROM `oj_job_category` WHERE ( pid=168 )  [ RunTime:0.0000s ]
SQL: SELECT * FROM `oj_job_category` WHERE ( pid=169 )  [ RunTime:0.0010s ]
SQL: SELECT * FROM `oj_job_category` WHERE ( pid=170 )  [ RunTime:0.0000s ]
SQL: SELECT * FROM `oj_job_category` WHERE ( pid=31 )  [ RunTime:0.0000s ]
SQL: SELECT * FROM `oj_job_category` WHERE ( pid=32 )  [ RunTime:0.0000s ]
SQL: SELECT * FROM `oj_job_category` WHERE ( pid=33 )  [ RunTime:0.0010s ]
SQL: SELECT * FROM `oj_job_category` WHERE ( pid=171 )  [ RunTime:0.0000s ]
SQL: SELECT * FROM `oj_job_category` WHERE ( pid=172 )  [ RunTime:0.0000s ]
SQL: SELECT * FROM `oj_job_category` WHERE ( pid=173 )  [ RunTime:0.0000s ]
SQL: SELECT * FROM `oj_job_category` WHERE ( pid=174 )  [ RunTime:0.0000s ]
SQL: SELECT * FROM `oj_job_category` WHERE ( pid=65 )  [ RunTime:0.0000s ]
SQL: SELECT * FROM `oj_job_category` WHERE ( pid=175 )  [ RunTime:0.0000s ]
SQL: SELECT * FROM `oj_job_category` WHERE ( pid=176 )  [ RunTime:0.0000s ]
SQL: SELECT * FROM `oj_job_category` WHERE ( pid=177 )  [ RunTime:0.0000s ]
SQL: SELECT * FROM `oj_job_category` WHERE ( pid=178 )  [ RunTime:0.0000s ]
SQL: SELECT * FROM `oj_job_category` WHERE ( pid=66 )  [ RunTime:0.0000s ]
SQL: SELECT * FROM `oj_job_category` WHERE ( pid=179 )  [ RunTime:0.0000s ]
SQL: SELECT * FROM `oj_job_category` WHERE ( pid=181 )  [ RunTime:0.0000s ]
SQL: SELECT * FROM `oj_job_category` WHERE ( pid=5 )  [ RunTime:0.0010s ]
SQL: SELECT * FROM `oj_job_category` WHERE ( pid=34 )  [ RunTime:0.0000s ]
SQL: SELECT * FROM `oj_job_category` WHERE ( pid=35 )  [ RunTime:0.0000s ]
SQL: SELECT * FROM `oj_job_category` WHERE ( pid=182 )  [ RunTime:0.0000s ]
SQL: SELECT * FROM `oj_job_category` WHERE ( pid=183 )  [ RunTime:0.0000s ]
SQL: SELECT * FROM `oj_job_category` WHERE ( pid=184 )  [ RunTime:0.0000s ]
SQL: SELECT * FROM `oj_job_category` WHERE ( pid=185 )  [ RunTime:0.0000s ]
SQL: SELECT * FROM `oj_job_category` WHERE ( pid=186 )  [ RunTime:0.0000s ]
SQL: SELECT * FROM `oj_job_category` WHERE ( pid=187 )  [ RunTime:0.0010s ]
SQL: SELECT * FROM `oj_job_category` WHERE ( pid=188 )  [ RunTime:0.0000s ]
SQL: SELECT * FROM `oj_job_category` WHERE ( pid=189 )  [ RunTime:0.0000s ]
SQL: SELECT * FROM `oj_job_category` WHERE ( pid=190 )  [ RunTime:0.0000s ]
SQL: SELECT * FROM `oj_job_category` WHERE ( pid=191 )  [ RunTime:0.0010s ]
SQL: SELECT * FROM `oj_job_category` WHERE ( pid=192 )  [ RunTime:0.0000s ]
SQL: SELECT * FROM `oj_job_category` WHERE ( pid=36 )  [ RunTime:0.0000s ]
SQL: SELECT * FROM `oj_job_category` WHERE ( pid=37 )  [ RunTime:0.0010s ]
SQL: SELECT * FROM `oj_job_category` WHERE ( pid=193 )  [ RunTime:0.0000s ]
SQL: SELECT * FROM `oj_job_category` WHERE ( pid=194 )  [ RunTime:0.0010s ]
SQL: SELECT * FROM `oj_job_category` WHERE ( pid=195 )  [ RunTime:0.0000s ]
SQL: SELECT * FROM `oj_job_category` WHERE ( pid=38 )  [ RunTime:0.0010s ]
SQL: SELECT * FROM `oj_job_category` WHERE ( pid=39 )  [ RunTime:0.0010s ]
SQL: SELECT * FROM `oj_job_category` WHERE ( pid=40 )  [ RunTime:0.0010s ]
SQL: SELECT * FROM `oj_job_category` WHERE ( pid=196 )  [ RunTime:0.0000s ]
SQL: SELECT * FROM `oj_job_category` WHERE ( pid=197 )  [ RunTime:0.0000s ]
SQL: SELECT * FROM `oj_job_category` WHERE ( pid=198 )  [ RunTime:0.0000s ]
SQL: SELECT * FROM `oj_job_category` WHERE ( pid=199 )  [ RunTime:0.0000s ]
SQL: SELECT * FROM `oj_job_category` WHERE ( pid=200 )  [ RunTime:0.0000s ]
SQL: SELECT * FROM `oj_job_category` WHERE ( pid=201 )  [ RunTime:0.0010s ]
SQL: SELECT * FROM `oj_job_category` WHERE ( pid=67 )  [ RunTime:0.0000s ]
SQL: SELECT * FROM `oj_job_category` WHERE ( pid=202 )  [ RunTime:0.0000s ]
SQL: SELECT * FROM `oj_job_category` WHERE ( pid=203 )  [ RunTime:0.0000s ]
SQL: SELECT * FROM `oj_job_category` WHERE ( pid=68 )  [ RunTime:0.0010s ]
SQL: SELECT * FROM `oj_job_category` WHERE ( pid=204 )  [ RunTime:0.0000s ]
SQL: SELECT * FROM `oj_job_category` WHERE ( pid=205 )  [ RunTime:0.0000s ]
SQL: SELECT * FROM `oj_job_category` WHERE ( pid=206 )  [ RunTime:0.0000s ]
SQL: SELECT * FROM `oj_job_category` WHERE ( pid=69 )  [ RunTime:0.0010s ]
SQL: SELECT * FROM `oj_job_category` WHERE ( pid=207 )  [ RunTime:0.0000s ]
SQL: SELECT * FROM `oj_job_category` WHERE ( pid=208 )  [ RunTime:0.0000s ]
SQL: SELECT * FROM `oj_job_category` WHERE ( pid=209 )  [ RunTime:0.0000s ]
SQL: SELECT * FROM `oj_job_category` WHERE ( pid=70 )  [ RunTime:0.0010s ]
SQL: SELECT * FROM `oj_job_category` WHERE ( pid=210 )  [ RunTime:0.0000s ]
SQL: SELECT * FROM `oj_job_category` WHERE ( pid=211 )  [ RunTime:0.0000s ]
SQL: SELECT * FROM `oj_job_category` WHERE ( pid=212 )  [ RunTime:0.0000s ]
SQL: SELECT * FROM `oj_job_category` WHERE ( pid=213 )  [ RunTime:0.0010s ]
SQL: SELECT * FROM `oj_job_category` WHERE ( pid=6 )  [ RunTime:0.0000s ]
SQL: SELECT * FROM `oj_job_category` WHERE ( pid=41 )  [ RunTime:0.0000s ]
SQL: SELECT * FROM `oj_job_category` WHERE ( pid=42 )  [ RunTime:0.0000s ]
SQL: SELECT * FROM `oj_job_category` WHERE ( pid=43 )  [ RunTime:0.0010s ]
SQL: SELECT * FROM `oj_job_category` WHERE ( pid=214 )  [ RunTime:0.0000s ]
SQL: SELECT * FROM `oj_job_category` WHERE ( pid=215 )  [ RunTime:0.0000s ]
SQL: SELECT * FROM `oj_job_category` WHERE ( pid=216 )  [ RunTime:0.0000s ]
SQL: SELECT * FROM `oj_job_category` WHERE ( pid=217 )  [ RunTime:0.0010s ]
SQL: SELECT * FROM `oj_job_category` WHERE ( pid=44 )  [ RunTime:0.0000s ]
SQL: SELECT * FROM `oj_job_category` WHERE ( pid=45 )  [ RunTime:0.0000s ]
SQL: SELECT * FROM `oj_job_category` WHERE ( pid=46 )  [ RunTime:0.0000s ]
SQL: SELECT * FROM `oj_job_category` WHERE ( pid=218 )  [ RunTime:0.0010s ]
SQL: SELECT * FROM `oj_job_category` WHERE ( pid=219 )  [ RunTime:0.0000s ]
SQL: SELECT * FROM `oj_job_category` WHERE ( pid=47 )  [ RunTime:0.0000s ]
SQL: SELECT * FROM `oj_job_category` WHERE ( pid=48 )  [ RunTime:0.0000s ]
SQL: SELECT * FROM `oj_job_category` WHERE ( pid=49 )  [ RunTime:0.0010s ]
SQL: SELECT * FROM `oj_job_category` WHERE ( pid=220 )  [ RunTime:0.0000s ]
SQL: SELECT * FROM `oj_job_category` WHERE ( pid=221 )  [ RunTime:0.0000s ]
SQL: SELECT * FROM `oj_job_category` WHERE ( pid=222 )  [ RunTime:0.0000s ]
SQL: SELECT * FROM `oj_job_category` WHERE ( pid=223 )  [ RunTime:0.0010s ]
SQL: SELECT * FROM `oj_job_category` WHERE ( pid=224 )  [ RunTime:0.0000s ]
SQL: SELECT * FROM `oj_job_category` WHERE ( pid=50 )  [ RunTime:0.0000s ]
SQL: SELECT * FROM `oj_job_category` WHERE ( pid=51 )  [ RunTime:0.0000s ]
SQL: SELECT * FROM `oj_job_category` WHERE ( pid=52 )  [ RunTime:0.0010s ]
SQL: SELECT * FROM `oj_job_category` WHERE ( pid=225 )  [ RunTime:0.0010s ]
SQL: SELECT * FROM `oj_job_category` WHERE ( pid=71 )  [ RunTime:0.0000s ]
SQL: SELECT * FROM `oj_job_category` WHERE ( pid=226 )  [ RunTime:0.0000s ]
SQL: SELECT * FROM `oj_job_category` WHERE ( pid=227 )  [ RunTime:0.0000s ]
SQL: SELECT * FROM `oj_job_category` WHERE ( pid=228 )  [ RunTime:0.0000s ]
SQL: SELECT * FROM `oj_job_category` WHERE ( pid=229 )  [ RunTime:0.0000s ]
SQL: SELECT * FROM `oj_job_category` WHERE ( pid=230 )  [ RunTime:0.0000s ]
SQL: SHOW COLUMNS FROM `oj_user_col` [ RunTime:0.0050s ]
SQL: SHOW COLUMNS FROM `oj_job` [ RunTime:0.0100s ]
SQL: SHOW COLUMNS FROM `oj_company` [ RunTime:0.0090s ]
SQL: select job_id,count(job_id) as times from oj_user_col GROUP BY job_id order by times desc limit 10 [ RunTime:0.0010s ]
SQL: SELECT * FROM `oj_job` WHERE ( id=4 ) LIMIT 1   [ RunTime:0.0010s ]
SQL: SELECT * FROM `oj_company` WHERE ( id=1 ) LIMIT 1   [ RunTime:0.0010s ]
SQL: SELECT * FROM `oj_job` WHERE ( id=6 ) LIMIT 1   [ RunTime:0.0000s ]
SQL: SELECT * FROM `oj_company` WHERE ( id=2 ) LIMIT 1   [ RunTime:0.0000s ]
SQL: SELECT * FROM `oj_job` WHERE ( id=17 ) LIMIT 1   [ RunTime:0.0010s ]
SQL: SELECT * FROM `oj_company` WHERE ( id=15 ) LIMIT 1   [ RunTime:0.0000s ]
SQL: SELECT * FROM `oj_job` WHERE ( id=610 ) LIMIT 1   [ RunTime:0.0000s ]
SQL: SELECT * FROM `oj_company` WHERE ( id=15 ) LIMIT 1   [ RunTime:0.0010s ]
SQL: SELECT * FROM `oj_job` WHERE ( id=767 ) LIMIT 1   [ RunTime:0.0000s ]
SQL: SELECT * FROM `oj_company` WHERE ( id=1 ) LIMIT 1   [ RunTime:0.0000s ]
SQL: SELECT * FROM `oj_job` WHERE ( id=761 ) LIMIT 1   [ RunTime:0.0000s ]
SQL: SELECT * FROM `oj_company` WHERE ( id=169 ) LIMIT 1   [ RunTime:0.0000s ]
SQL: SELECT * FROM `oj_job` ORDER BY id desc LIMIT 10   [ RunTime:0.0000s ]
SQL: SELECT * FROM `oj_company` WHERE ( id=15 ) LIMIT 1   [ RunTime:0.0000s ]
SQL: SELECT * FROM `oj_company` WHERE ( id=313 ) LIMIT 1   [ RunTime:0.0000s ]
SQL: SELECT * FROM `oj_company` WHERE ( id=1 ) LIMIT 1   [ RunTime:0.0000s ]
SQL: SELECT * FROM `oj_company` WHERE ( id=1 ) LIMIT 1   [ RunTime:0.0000s ]
SQL: SELECT * FROM `oj_company` WHERE ( id=174 ) LIMIT 1   [ RunTime:0.0000s ]
SQL: SELECT * FROM `oj_company` WHERE ( id=173 ) LIMIT 1   [ RunTime:0.0000s ]
SQL: SELECT * FROM `oj_company` WHERE ( id=172 ) LIMIT 1   [ RunTime:0.0000s ]
SQL: SELECT * FROM `oj_company` WHERE ( id=171 ) LIMIT 1   [ RunTime:0.0010s ]
SQL: SELECT * FROM `oj_company` WHERE ( id=170 ) LIMIT 1   [ RunTime:0.0000s ]
SQL: SELECT * FROM `oj_company` WHERE ( id=169 ) LIMIT 1   [ RunTime:0.0000s ]
SQL: SELECT * FROM `oj_company` LIMIT 0,6   [ RunTime:0.0000s ]
SQL: SELECT * FROM `oj_company` LIMIT 6,6   [ RunTime:0.0000s ]
SQL: SHOW COLUMNS FROM `oj_links` [ RunTime:0.0060s ]
SQL: SELECT * FROM `oj_links`  [ RunTime:0.0000s ]
INFO: [ view_parse ] --START--
INFO: [ template_filter ] --START--
INFO: Run Behavior\ContentReplaceBehavior [ RunTime:0.000000s ]
INFO: [ template_filter ] --END-- [ RunTime:0.001000s ]
NOTIC: [8] Undefined index: state F:\phpspace\onejob\Application\Runtime\Cache\Home\2a94b8bda04ff446dcedd42276fc99ee.php 第 50 行.
NOTIC: [8] Use of undefined constant index - assumed 'index' F:\phpspace\onejob\Application\Runtime\Cache\Home\2a94b8bda04ff446dcedd42276fc99ee.php 第 53 行.
NOTIC: [8] Use of undefined constant index - assumed 'index' F:\phpspace\onejob\Application\Runtime\Cache\Home\2a94b8bda04ff446dcedd42276fc99ee.php 第 54 行.
NOTIC: [8] Use of undefined constant index - assumed 'index' F:\phpspace\onejob\Application\Runtime\Cache\Home\2a94b8bda04ff446dcedd42276fc99ee.php 第 55 行.
NOTIC: [8] Use of undefined constant index - assumed 'index' F:\phpspace\onejob\Application\Runtime\Cache\Home\2a94b8bda04ff446dcedd42276fc99ee.php 第 56 行.
NOTIC: [8] Undefined index: state F:\phpspace\onejob\Application\Runtime\Cache\Home\2a94b8bda04ff446dcedd42276fc99ee.php 第 65 行.
NOTIC: [8] Undefined index: state F:\phpspace\onejob\Application\Runtime\Cache\Home\2a94b8bda04ff446dcedd42276fc99ee.php 第 85 行.
NOTIC: [8] Undefined index: team F:\phpspace\onejob\Application\Runtime\Cache\Home\2a94b8bda04ff446dcedd42276fc99ee.php 第 243 行.
NOTIC: [8] Undefined index: team F:\phpspace\onejob\Application\Runtime\Cache\Home\2a94b8bda04ff446dcedd42276fc99ee.php 第 243 行.
NOTIC: [8] Undefined index:  F:\phpspace\onejob\Application\Runtime\Cache\Home\2a94b8bda04ff446dcedd42276fc99ee.php 第 245 行.
NOTIC: [8] Undefined index:  F:\phpspace\onejob\Application\Runtime\Cache\Home\2a94b8bda04ff446dcedd42276fc99ee.php 第 246 行.
NOTIC: [8] Undefined index: team F:\phpspace\onejob\Application\Runtime\Cache\Home\2a94b8bda04ff446dcedd42276fc99ee.php 第 243 行.
NOTIC: [8] Undefined index: team F:\phpspace\onejob\Application\Runtime\Cache\Home\2a94b8bda04ff446dcedd42276fc99ee.php 第 243 行.
NOTIC: [8] Undefined index: team F:\phpspace\onejob\Application\Runtime\Cache\Home\2a94b8bda04ff446dcedd42276fc99ee.php 第 243 行.
NOTIC: [8] Undefined index: team F:\phpspace\onejob\Application\Runtime\Cache\Home\2a94b8bda04ff446dcedd42276fc99ee.php 第 243 行.
NOTIC: [8] Undefined index: team F:\phpspace\onejob\Application\Runtime\Cache\Home\2a94b8bda04ff446dcedd42276fc99ee.php 第 278 行.
NOTIC: [8] Undefined index: team F:\phpspace\onejob\Application\Runtime\Cache\Home\2a94b8bda04ff446dcedd42276fc99ee.php 第 278 行.
NOTIC: [8] Undefined index: team F:\phpspace\onejob\Application\Runtime\Cache\Home\2a94b8bda04ff446dcedd42276fc99ee.php 第 278 行.
NOTIC: [8] Undefined index: team F:\phpspace\onejob\Application\Runtime\Cache\Home\2a94b8bda04ff446dcedd42276fc99ee.php 第 278 行.
NOTIC: [8] Undefined index: team F:\phpspace\onejob\Application\Runtime\Cache\Home\2a94b8bda04ff446dcedd42276fc99ee.php 第 278 行.
NOTIC: [8] Undefined index: team F:\phpspace\onejob\Application\Runtime\Cache\Home\2a94b8bda04ff446dcedd42276fc99ee.php 第 278 行.
NOTIC: [8] Undefined index: team F:\phpspace\onejob\Application\Runtime\Cache\Home\2a94b8bda04ff446dcedd42276fc99ee.php 第 278 行.
NOTIC: [8] Undefined index: team F:\phpspace\onejob\Application\Runtime\Cache\Home\2a94b8bda04ff446dcedd42276fc99ee.php 第 278 行.
NOTIC: [8] Undefined index: team F:\phpspace\onejob\Application\Runtime\Cache\Home\2a94b8bda04ff446dcedd42276fc99ee.php 第 278 行.
NOTIC: [8] Undefined index: team F:\phpspace\onejob\Application\Runtime\Cache\Home\2a94b8bda04ff446dcedd42276fc99ee.php 第 278 行.
INFO: Run Behavior\ParseTemplateBehavior [ RunTime:0.039000s ]
INFO: [ view_parse ] --END-- [ RunTime:0.039000s ]
INFO: [ view_filter ] --START--
INFO: Run Behavior\WriteHtmlCacheBehavior [ RunTime:0.001000s ]
INFO: [ view_filter ] --END-- [ RunTime:0.001000s ]
INFO: [ app_end ] --START--
INFO: Run Behavior\ShowPageTraceBehavior [ RunTime:0.001000s ]
INFO: [ app_end ] --END-- [ RunTime:0.001000s ]

[ 2017-02-14T21:04:50+08:00 ] 127.0.0.1 /h/images/favicon.ico
INFO: [ app_init ] --START--
INFO: Run Behavior\BuildLiteBehavior [ RunTime:0.000000s ]
INFO: [ app_init ] --END-- [ RunTime:0.000000s ]

[ 2017-02-14T21:04:51+08:00 ] 127.0.0.1 /Home/Index/companylist.html
INFO: [ app_init ] --START--
INFO: Run Behavior\BuildLiteBehavior [ RunTime:0.000000s ]
INFO: [ app_init ] --END-- [ RunTime:0.000000s ]
INFO: [ app_begin ] --START--
INFO: Run Behavior\ReadHtmlCacheBehavior [ RunTime:0.000000s ]
INFO: [ app_begin ] --END-- [ RunTime:0.000000s ]
SQL: SHOW COLUMNS FROM `oj_job` [ RunTime:0.0070s ]
SQL: SHOW COLUMNS FROM `oj_tag` [ RunTime:0.0090s ]
SQL: SHOW COLUMNS FROM `oj_company` [ RunTime:0.0060s ]
SQL: SELECT COUNT(*) AS tp_count FROM `oj_company` LIMIT 1   [ RunTime:0.0010s ]
SQL: SELECT * FROM `oj_company` LIMIT 0,15   [ RunTime:0.0000s ]
SQL: SELECT oj_tag.name,oj_company_tag.* FROM oj_tag RIGHT JOIN oj_company_tag ON oj_tag.id = oj_company_tag.tag_id WHERE company_id = 1 LIMIT 6 [ RunTime:0.0030s ]
SQL: SELECT * FROM `oj_job` WHERE `company_id` = 1 LIMIT 4   [ RunTime:0.0010s ]
SQL: SELECT oj_tag.name,oj_company_tag.* FROM oj_tag RIGHT JOIN oj_company_tag ON oj_tag.id = oj_company_tag.tag_id WHERE company_id = 3 LIMIT 6 [ RunTime:0.0010s ]
SQL: SELECT * FROM `oj_job` WHERE `company_id` = 3 LIMIT 4   [ RunTime:0.0010s ]
SQL: SELECT oj_tag.name,oj_company_tag.* FROM oj_tag RIGHT JOIN oj_company_tag ON oj_tag.id = oj_company_tag.tag_id WHERE company_id = 4 LIMIT 6 [ RunTime:0.0000s ]
SQL: SELECT * FROM `oj_job` WHERE `company_id` = 4 LIMIT 4   [ RunTime:0.0010s ]
SQL: SELECT oj_tag.name,oj_company_tag.* FROM oj_tag RIGHT JOIN oj_company_tag ON oj_tag.id = oj_company_tag.tag_id WHERE company_id = 7 LIMIT 6 [ RunTime:0.0000s ]
SQL: SELECT * FROM `oj_job` WHERE `company_id` = 7 LIMIT 4   [ RunTime:0.0000s ]
SQL: SELECT oj_tag.name,oj_company_tag.* FROM oj_tag RIGHT JOIN oj_company_tag ON oj_tag.id = oj_company_tag.tag_id WHERE company_id = 8 LIMIT 6 [ RunTime:0.0000s ]
SQL: SELECT * FROM `oj_job` WHERE `company_id` = 8 LIMIT 4   [ RunTime:0.0000s ]
SQL: SELECT oj_tag.name,oj_company_tag.* FROM oj_tag RIGHT JOIN oj_company_tag ON oj_tag.id = oj_company_tag.tag_id WHERE company_id = 9 LIMIT 6 [ RunTime:0.0010s ]
SQL: SELECT * FROM `oj_job` WHERE `company_id` = 9 LIMIT 4   [ RunTime:0.0000s ]
SQL: SELECT oj_tag.name,oj_company_tag.* FROM oj_tag RIGHT JOIN oj_company_tag ON oj_tag.id = oj_company_tag.tag_id WHERE company_id = 10 LIMIT 6 [ RunTime:0.0000s ]
SQL: SELECT * FROM `oj_job` WHERE `company_id` = 10 LIMIT 4   [ RunTime:0.0000s ]
SQL: SELECT oj_tag.name,oj_company_tag.* FROM oj_tag RIGHT JOIN oj_company_tag ON oj_tag.id = oj_company_tag.tag_id WHERE company_id = 11 LIMIT 6 [ RunTime:0.0010s ]
SQL: SELECT * FROM `oj_job` WHERE `company_id` = 11 LIMIT 4   [ RunTime:0.0000s ]
SQL: SELECT oj_tag.name,oj_company_tag.* FROM oj_tag RIGHT JOIN oj_company_tag ON oj_tag.id = oj_company_tag.tag_id WHERE company_id = 12 LIMIT 6 [ RunTime:0.0000s ]
SQL: SELECT * FROM `oj_job` WHERE `company_id` = 12 LIMIT 4   [ RunTime:0.0010s ]
SQL: SELECT oj_tag.name,oj_company_tag.* FROM oj_tag RIGHT JOIN oj_company_tag ON oj_tag.id = oj_company_tag.tag_id WHERE company_id = 13 LIMIT 6 [ RunTime:0.0000s ]
SQL: SELECT * FROM `oj_job` WHERE `company_id` = 13 LIMIT 4   [ RunTime:0.0010s ]
SQL: SELECT oj_tag.name,oj_company_tag.* FROM oj_tag RIGHT JOIN oj_company_tag ON oj_tag.id = oj_company_tag.tag_id WHERE company_id = 14 LIMIT 6 [ RunTime:0.0000s ]
SQL: SELECT * FROM `oj_job` WHERE `company_id` = 14 LIMIT 4   [ RunTime:0.0010s ]
SQL: SELECT oj_tag.name,oj_company_tag.* FROM oj_tag RIGHT JOIN oj_company_tag ON oj_tag.id = oj_company_tag.tag_id WHERE company_id = 15 LIMIT 6 [ RunTime:0.0000s ]
SQL: SELECT * FROM `oj_job` WHERE `company_id` = 15 LIMIT 4   [ RunTime:0.0000s ]
SQL: SELECT oj_tag.name,oj_company_tag.* FROM oj_tag RIGHT JOIN oj_company_tag ON oj_tag.id = oj_company_tag.tag_id WHERE company_id = 16 LIMIT 6 [ RunTime:0.0010s ]
SQL: SELECT * FROM `oj_job` WHERE `company_id` = 16 LIMIT 4   [ RunTime:0.0000s ]
SQL: SELECT oj_tag.name,oj_company_tag.* FROM oj_tag RIGHT JOIN oj_company_tag ON oj_tag.id = oj_company_tag.tag_id WHERE company_id = 17 LIMIT 6 [ RunTime:0.0010s ]
SQL: SELECT * FROM `oj_job` WHERE `company_id` = 17 LIMIT 4   [ RunTime:0.0000s ]
SQL: SELECT oj_tag.name,oj_company_tag.* FROM oj_tag RIGHT JOIN oj_company_tag ON oj_tag.id = oj_company_tag.tag_id WHERE company_id = 18 LIMIT 6 [ RunTime:0.0010s ]
SQL: SELECT * FROM `oj_job` WHERE `company_id` = 18 LIMIT 4   [ RunTime:0.0010s ]
SQL: SHOW COLUMNS FROM `oj_trade` [ RunTime:0.0090s ]
SQL: SELECT * FROM `oj_trade`  [ RunTime:0.0000s ]
INFO: [ view_parse ] --START--
INFO: [ template_filter ] --START--
INFO: Run Behavior\ContentReplaceBehavior [ RunTime:0.000000s ]
INFO: [ template_filter ] --END-- [ RunTime:0.000000s ]
NOTIC: [8] Undefined index: state F:\phpspace\onejob\Application\Runtime\Cache\Home\9dda77d2e24c3b861068a56d09d97ad5.php 第 35 行.
NOTIC: [8] Use of undefined constant company - assumed 'company' F:\phpspace\onejob\Application\Runtime\Cache\Home\9dda77d2e24c3b861068a56d09d97ad5.php 第 38 行.
NOTIC: [8] Use of undefined constant company - assumed 'company' F:\phpspace\onejob\Application\Runtime\Cache\Home\9dda77d2e24c3b861068a56d09d97ad5.php 第 39 行.
NOTIC: [8] Use of undefined constant company - assumed 'company' F:\phpspace\onejob\Application\Runtime\Cache\Home\9dda77d2e24c3b861068a56d09d97ad5.php 第 40 行.
NOTIC: [8] Use of undefined constant company - assumed 'company' F:\phpspace\onejob\Application\Runtime\Cache\Home\9dda77d2e24c3b861068a56d09d97ad5.php 第 41 行.
NOTIC: [8] Undefined index: state F:\phpspace\onejob\Application\Runtime\Cache\Home\9dda77d2e24c3b861068a56d09d97ad5.php 第 50 行.
NOTIC: [8] Undefined index: state F:\phpspace\onejob\Application\Runtime\Cache\Home\9dda77d2e24c3b861068a56d09d97ad5.php 第 70 行.
INFO: Run Behavior\ParseTemplateBehavior [ RunTime:0.024000s ]
INFO: [ view_parse ] --END-- [ RunTime:0.024000s ]
INFO: [ view_filter ] --START--
INFO: Run Behavior\WriteHtmlCacheBehavior [ RunTime:0.000000s ]
INFO: [ view_filter ] --END-- [ RunTime:0.000000s ]
INFO: [ app_end ] --START--
INFO: Run Behavior\ShowPageTraceBehavior [ RunTime:0.000000s ]
INFO: [ app_end ] --END-- [ RunTime:0.000000s ]

[ 2017-02-14T21:04:51+08:00 ] 127.0.0.1 /Home/Index/h/images/favicon.ico
INFO: [ app_init ] --START--
INFO: Run Behavior\BuildLiteBehavior [ RunTime:0.000000s ]
INFO: [ app_init ] --END-- [ RunTime:0.000000s ]

[ 2017-02-14T21:04:52+08:00 ] 127.0.0.1 /Home/Index/index.html
INFO: [ app_init ] --START--
INFO: Run Behavior\BuildLiteBehavior [ RunTime:0.000000s ]
INFO: [ app_init ] --END-- [ RunTime:0.000000s ]
INFO: [ app_begin ] --START--
INFO: Run Behavior\ReadHtmlCacheBehavior [ RunTime:0.000000s ]
INFO: [ app_begin ] --END-- [ RunTime:0.000000s ]
SQL: SHOW COLUMNS FROM `oj_users` [ RunTime:0.0070s ]
SQL: SELECT * FROM `oj_users` WHERE `id` = null LIMIT 1   [ RunTime:0.0000s ]
SQL: SHOW COLUMNS FROM `oj_job_category` [ RunTime:0.0070s ]
SQL: SELECT * FROM `oj_job_category` WHERE ( pid=0 )  [ RunTime:0.0000s ]
SQL: SELECT * FROM `oj_job_category` WHERE ( pid=1 )  [ RunTime:0.0010s ]
SQL: SELECT * FROM `oj_job_category` WHERE ( pid=7 )  [ RunTime:0.0000s ]
SQL: SELECT * FROM `oj_job_category` WHERE ( pid=9 )  [ RunTime:0.0010s ]
SQL: SELECT * FROM `oj_job_category` WHERE ( pid=10 )  [ RunTime:0.0000s ]
SQL: SELECT * FROM `oj_job_category` WHERE ( pid=53 )  [ RunTime:0.0000s ]
SQL: SELECT * FROM `oj_job_category` WHERE ( pid=72 )  [ RunTime:0.0000s ]
SQL: SELECT * FROM `oj_job_category` WHERE ( pid=73 )  [ RunTime:0.0000s ]
SQL: SELECT * FROM `oj_job_category` WHERE ( pid=74 )  [ RunTime:0.0010s ]
SQL: SELECT * FROM `oj_job_category` WHERE ( pid=75 )  [ RunTime:0.0000s ]
SQL: SELECT * FROM `oj_job_category` WHERE ( pid=11 )  [ RunTime:0.0010s ]
SQL: SELECT * FROM `oj_job_category` WHERE ( pid=12 )  [ RunTime:0.0000s ]
SQL: SELECT * FROM `oj_job_category` WHERE ( pid=13 )  [ RunTime:0.0010s ]
SQL: SELECT * FROM `oj_job_category` WHERE ( pid=14 )  [ RunTime:0.0000s ]
SQL: SELECT * FROM `oj_job_category` WHERE ( pid=15 )  [ RunTime:0.0000s ]
SQL: SELECT * FROM `oj_job_category` WHERE ( pid=16 )  [ RunTime:0.0000s ]
SQL: SELECT * FROM `oj_job_category` WHERE ( pid=76 )  [ RunTime:0.0000s ]
SQL: SELECT * FROM `oj_job_category` WHERE ( pid=77 )  [ RunTime:0.0010s ]
SQL: SELECT * FROM `oj_job_category` WHERE ( pid=78 )  [ RunTime:0.0000s ]
SQL: SELECT * FROM `oj_job_category` WHERE ( pid=79 )  [ RunTime:0.0010s ]
SQL: SELECT * FROM `oj_job_category` WHERE ( pid=80 )  [ RunTime:0.0000s ]
SQL: SELECT * FROM `oj_job_category` WHERE ( pid=18 )  [ RunTime:0.0000s ]
SQL: SELECT * FROM `oj_job_category` WHERE ( pid=8 )  [ RunTime:0.0010s ]
SQL: SELECT * FROM `oj_job_category` WHERE ( pid=19 )  [ RunTime:0.0000s ]
SQL: SELECT * FROM `oj_job_category` WHERE ( pid=20 )  [ RunTime:0.0000s ]
SQL: SELECT * FROM `oj_job_category` WHERE ( pid=21 )  [ RunTime:0.0010s ]
SQL: SELECT * FROM `oj_job_category` WHERE ( pid=54 )  [ RunTime:0.0000s ]
SQL: SELECT * FROM `oj_job_category` WHERE ( pid=81 )  [ RunTime:0.0010s ]
SQL: SELECT * FROM `oj_job_category` WHERE ( pid=82 )  [ RunTime:0.0000s ]
SQL: SELECT * FROM `oj_job_category` WHERE ( pid=83 )  [ RunTime:0.0000s ]
SQL: SELECT * FROM `oj_job_category` WHERE ( pid=84 )  [ RunTime:0.0010s ]
SQL: SELECT * FROM `oj_job_category` WHERE ( pid=85 )  [ RunTime:0.0000s ]
SQL: SELECT * FROM `oj_job_category` WHERE ( pid=86 )  [ RunTime:0.0000s ]
SQL: SELECT * FROM `oj_job_category` WHERE ( pid=87 )  [ RunTime:0.0000s ]
SQL: SELECT * FROM `oj_job_category` WHERE ( pid=88 )  [ RunTime:0.0010s ]
SQL: SELECT * FROM `oj_job_category` WHERE ( pid=89 )  [ RunTime:0.0000s ]
SQL: SELECT * FROM `oj_job_category` WHERE ( pid=90 )  [ RunTime:0.0000s ]
SQL: SELECT * FROM `oj_job_category` WHERE ( pid=91 )  [ RunTime:0.0000s ]
SQL: SELECT * FROM `oj_job_category` WHERE ( pid=55 )  [ RunTime:0.0010s ]
SQL: SELECT * FROM `oj_job_category` WHERE ( pid=92 )  [ RunTime:0.0000s ]
SQL: SELECT * FROM `oj_job_category` WHERE ( pid=93 )  [ RunTime:0.0000s ]
SQL: SELECT * FROM `oj_job_category` WHERE ( pid=94 )  [ RunTime:0.0010s ]
SQL: SELECT * FROM `oj_job_category` WHERE ( pid=95 )  [ RunTime:0.0000s ]
SQL: SELECT * FROM `oj_job_category` WHERE ( pid=96 )  [ RunTime:0.0000s ]
SQL: SELECT * FROM `oj_job_category` WHERE ( pid=97 )  [ RunTime:0.0000s ]
SQL: SELECT * FROM `oj_job_category` WHERE ( pid=98 )  [ RunTime:0.0010s ]
SQL: SELECT * FROM `oj_job_category` WHERE ( pid=99 )  [ RunTime:0.0000s ]
SQL: SELECT * FROM `oj_job_category` WHERE ( pid=100 )  [ RunTime:0.0000s ]
SQL: SELECT * FROM `oj_job_category` WHERE ( pid=101 )  [ RunTime:0.0010s ]
SQL: SELECT * FROM `oj_job_category` WHERE ( pid=56 )  [ RunTime:0.0000s ]
SQL: SELECT * FROM `oj_job_category` WHERE ( pid=102 )  [ RunTime:0.0000s ]
SQL: SELECT * FROM `oj_job_category` WHERE ( pid=103 )  [ RunTime:0.0000s ]
SQL: SELECT * FROM `oj_job_category` WHERE ( pid=104 )  [ RunTime:0.0000s ]
SQL: SELECT * FROM `oj_job_category` WHERE ( pid=105 )  [ RunTime:0.0000s ]
SQL: SELECT * FROM `oj_job_category` WHERE ( pid=106 )  [ RunTime:0.0000s ]
SQL: SELECT * FROM `oj_job_category` WHERE ( pid=107 )  [ RunTime:0.0010s ]
SQL: SELECT * FROM `oj_job_category` WHERE ( pid=108 )  [ RunTime:0.0000s ]
SQL: SELECT * FROM `oj_job_category` WHERE ( pid=109 )  [ RunTime:0.0000s ]
SQL: SELECT * FROM `oj_job_category` WHERE ( pid=110 )  [ RunTime:0.0000s ]
SQL: SELECT * FROM `oj_job_category` WHERE ( pid=57 )  [ RunTime:0.0010s ]
SQL: SELECT * FROM `oj_job_category` WHERE ( pid=111 )  [ RunTime:0.0000s ]
SQL: SELECT * FROM `oj_job_category` WHERE ( pid=112 )  [ RunTime:0.0000s ]
SQL: SELECT * FROM `oj_job_category` WHERE ( pid=113 )  [ RunTime:0.0010s ]
SQL: SELECT * FROM `oj_job_category` WHERE ( pid=114 )  [ RunTime:0.0000s ]
SQL: SELECT * FROM `oj_job_category` WHERE ( pid=115 )  [ RunTime:0.0000s ]
SQL: SELECT * FROM `oj_job_category` WHERE ( pid=116 )  [ RunTime:0.0000s ]
SQL: SELECT * FROM `oj_job_category` WHERE ( pid=117 )  [ RunTime:0.0010s ]
SQL: SELECT * FROM `oj_job_category` WHERE ( pid=118 )  [ RunTime:0.0000s ]
SQL: SELECT * FROM `oj_job_category` WHERE ( pid=58 )  [ RunTime:0.0000s ]
SQL: SELECT * FROM `oj_job_category` WHERE ( pid=119 )  [ RunTime:0.0000s ]
SQL: SELECT * FROM `oj_job_category` WHERE ( pid=120 )  [ RunTime:0.0010s ]
SQL: SELECT * FROM `oj_job_category` WHERE ( pid=59 )  [ RunTime:0.0000s ]
SQL: SELECT * FROM `oj_job_category` WHERE ( pid=125 )  [ RunTime:0.0000s ]
SQL: SELECT * FROM `oj_job_category` WHERE ( pid=126 )  [ RunTime:0.0010s ]
SQL: SELECT * FROM `oj_job_category` WHERE ( pid=127 )  [ RunTime:0.0000s ]
SQL: SELECT * FROM `oj_job_category` WHERE ( pid=128 )  [ RunTime:0.0000s ]
SQL: SELECT * FROM `oj_job_category` WHERE ( pid=129 )  [ RunTime:0.0000s ]
SQL: SELECT * FROM `oj_job_category` WHERE ( pid=130 )  [ RunTime:0.0010s ]
SQL: SELECT * FROM `oj_job_category` WHERE ( pid=131 )  [ RunTime:0.0000s ]
SQL: SELECT * FROM `oj_job_category` WHERE ( pid=132 )  [ RunTime:0.0000s ]
SQL: SELECT * FROM `oj_job_category` WHERE ( pid=60 )  [ RunTime:0.0010s ]
SQL: SELECT * FROM `oj_job_category` WHERE ( pid=121 )  [ RunTime:0.0000s ]
SQL: SELECT * FROM `oj_job_category` WHERE ( pid=122 )  [ RunTime:0.0000s ]
SQL: SELECT * FROM `oj_job_category` WHERE ( pid=123 )  [ RunTime:0.0000s ]
SQL: SELECT * FROM `oj_job_category` WHERE ( pid=124 )  [ RunTime:0.0010s ]
SQL: SELECT * FROM `oj_job_category` WHERE ( pid=2 )  [ RunTime:0.0000s ]
SQL: SELECT * FROM `oj_job_category` WHERE ( pid=22 )  [ RunTime:0.0000s ]
SQL: SELECT * FROM `oj_job_category` WHERE ( pid=23 )  [ RunTime:0.0000s ]
SQL: SELECT * FROM `oj_job_category` WHERE ( pid=133 )  [ RunTime:0.0010s ]
SQL: SELECT * FROM `oj_job_category` WHERE ( pid=134 )  [ RunTime:0.0000s ]
SQL: SELECT * FROM `oj_job_category` WHERE ( pid=135 )  [ RunTime:0.0010s ]
SQL: SELECT * FROM `oj_job_category` WHERE ( pid=136 )  [ RunTime:0.0000s ]
SQL: SELECT * FROM `oj_job_category` WHERE ( pid=137 )  [ RunTime:0.0000s ]
SQL: SELECT * FROM `oj_job_category` WHERE ( pid=138 )  [ RunTime:0.0000s ]
SQL: SELECT * FROM `oj_job_category` WHERE ( pid=61 )  [ RunTime:0.0010s ]
SQL: SELECT * FROM `oj_job_category` WHERE ( pid=139 )  [ RunTime:0.0000s ]
SQL: SELECT * FROM `oj_job_category` WHERE ( pid=140 )  [ RunTime:0.0000s ]
SQL: SELECT * FROM `oj_job_category` WHERE ( pid=141 )  [ RunTime:0.0000s ]
SQL: SELECT * FROM `oj_job_category` WHERE ( pid=62 )  [ RunTime:0.0000s ]
SQL: SELECT * FROM `oj_job_category` WHERE ( pid=142 )  [ RunTime:0.0000s ]
SQL: SELECT * FROM `oj_job_category` WHERE ( pid=143 )  [ RunTime:0.0000s ]
SQL: SELECT * FROM `oj_job_category` WHERE ( pid=144 )  [ RunTime:0.0010s ]
SQL: SELECT * FROM `oj_job_category` WHERE ( pid=3 )  [ RunTime:0.0000s ]
SQL: SELECT * FROM `oj_job_category` WHERE ( pid=24 )  [ RunTime:0.0000s ]
SQL: SELECT * FROM `oj_job_category` WHERE ( pid=25 )  [ RunTime:0.0000s ]
SQL: SELECT * FROM `oj_job_category` WHERE ( pid=145 )  [ RunTime:0.0010s ]
SQL: SELECT * FROM `oj_job_category` WHERE ( pid=146 )  [ RunTime:0.0000s ]
SQL: SELECT * FROM `oj_job_category` WHERE ( pid=147 )  [ RunTime:0.0000s ]
SQL: SELECT * FROM `oj_job_category` WHERE ( pid=148 )  [ RunTime:0.0010s ]
SQL: SELECT * FROM `oj_job_category` WHERE ( pid=149 )  [ RunTime:0.0000s ]
SQL: SELECT * FROM `oj_job_category` WHERE ( pid=150 )  [ RunTime:0.0000s ]
SQL: SELECT * FROM `oj_job_category` WHERE ( pid=151 )  [ RunTime:0.0000s ]
SQL: SELECT * FROM `oj_job_category` WHERE ( pid=26 )  [ RunTime:0.0010s ]
SQL: SELECT * FROM `oj_job_category` WHERE ( pid=27 )  [ RunTime:0.0000s ]
SQL: SELECT * FROM `oj_job_category` WHERE ( pid=152 )  [ RunTime:0.0010s ]
SQL: SELECT * FROM `oj_job_category` WHERE ( pid=153 )  [ RunTime:0.0000s ]
SQL: SELECT * FROM `oj_job_category` WHERE ( pid=154 )  [ RunTime:0.0000s ]
SQL: SELECT * FROM `oj_job_category` WHERE ( pid=155 )  [ RunTime:0.0000s ]
SQL: SELECT * FROM `oj_job_category` WHERE ( pid=63 )  [ RunTime:0.0010s ]
SQL: SELECT * FROM `oj_job_category` WHERE ( pid=156 )  [ RunTime:0.0000s ]
SQL: SELECT * FROM `oj_job_category` WHERE ( pid=157 )  [ RunTime:0.0000s ]
SQL: SELECT * FROM `oj_job_category` WHERE ( pid=158 )  [ RunTime:0.0000s ]
SQL: SELECT * FROM `oj_job_category` WHERE ( pid=64 )  [ RunTime:0.0010s ]
SQL: SELECT * FROM `oj_job_category` WHERE ( pid=159 )  [ RunTime:0.0000s ]
SQL: SELECT * FROM `oj_job_category` WHERE ( pid=160 )  [ RunTime:0.0000s ]
SQL: SELECT * FROM `oj_job_category` WHERE ( pid=161 )  [ RunTime:0.0010s ]
SQL: SELECT * FROM `oj_job_category` WHERE ( pid=180 )  [ RunTime:0.0000s ]
SQL: SELECT * FROM `oj_job_category` WHERE ( pid=4 )  [ RunTime:0.0000s ]
SQL: SELECT * FROM `oj_job_category` WHERE ( pid=28 )  [ RunTime:0.0000s ]
SQL: SELECT * FROM `oj_job_category` WHERE ( pid=29 )  [ RunTime:0.0010s ]
SQL: SELECT * FROM `oj_job_category` WHERE ( pid=30 )  [ RunTime:0.0000s ]
SQL: SELECT * FROM `oj_job_category` WHERE ( pid=162 )  [ RunTime:0.0000s ]
SQL: SELECT * FROM `oj_job_category` WHERE ( pid=163 )  [ RunTime:0.0010s ]
SQL: SELECT * FROM `oj_job_category` WHERE ( pid=164 )  [ RunTime:0.0000s ]
SQL: SELECT * FROM `oj_job_category` WHERE ( pid=165 )  [ RunTime:0.0000s ]
SQL: SELECT * FROM `oj_job_category` WHERE ( pid=166 )  [ RunTime:0.0000s ]
SQL: SELECT * FROM `oj_job_category` WHERE ( pid=167 )  [ RunTime:0.0010s ]
SQL: SELECT * FROM `oj_job_category` WHERE ( pid=168 )  [ RunTime:0.0000s ]
SQL: SELECT * FROM `oj_job_category` WHERE ( pid=169 )  [ RunTime:0.0000s ]
SQL: SELECT * FROM `oj_job_category` WHERE ( pid=170 )  [ RunTime:0.0000s ]
SQL: SELECT * FROM `oj_job_category` WHERE ( pid=31 )  [ RunTime:0.0000s ]
SQL: SELECT * FROM `oj_job_category` WHERE ( pid=32 )  [ RunTime:0.0010s ]
SQL: SELECT * FROM `oj_job_category` WHERE ( pid=33 )  [ RunTime:0.0000s ]
SQL: SELECT * FROM `oj_job_category` WHERE ( pid=171 )  [ RunTime:0.0000s ]
SQL: SELECT * FROM `oj_job_category` WHERE ( pid=172 )  [ RunTime:0.0000s ]
SQL: SELECT * FROM `oj_job_category` WHERE ( pid=173 )  [ RunTime:0.0010s ]
SQL: SELECT * FROM `oj_job_category` WHERE ( pid=174 )  [ RunTime:0.0000s ]
SQL: SELECT * FROM `oj_job_category` WHERE ( pid=65 )  [ RunTime:0.0000s ]
SQL: SELECT * FROM `oj_job_category` WHERE ( pid=175 )  [ RunTime:0.0000s ]
SQL: SELECT * FROM `oj_job_category` WHERE ( pid=176 )  [ RunTime:0.0000s ]
SQL: SELECT * FROM `oj_job_category` WHERE ( pid=177 )  [ RunTime:0.0000s ]
SQL: SELECT * FROM `oj_job_category` WHERE ( pid=178 )  [ RunTime:0.0000s ]
SQL: SELECT * FROM `oj_job_category` WHERE ( pid=66 )  [ RunTime:0.0010s ]
SQL: SELECT * FROM `oj_job_category` WHERE ( pid=179 )  [ RunTime:0.0000s ]
SQL: SELECT * FROM `oj_job_category` WHERE ( pid=181 )  [ RunTime:0.0000s ]
SQL: SELECT * FROM `oj_job_category` WHERE ( pid=5 )  [ RunTime:0.0000s ]
SQL: SELECT * FROM `oj_job_category` WHERE ( pid=34 )  [ RunTime:0.0010s ]
SQL: SELECT * FROM `oj_job_category` WHERE ( pid=35 )  [ RunTime:0.0000s ]
SQL: SELECT * FROM `oj_job_category` WHERE ( pid=182 )  [ RunTime:0.0000s ]
SQL: SELECT * FROM `oj_job_category` WHERE ( pid=183 )  [ RunTime:0.0000s ]
SQL: SELECT * FROM `oj_job_category` WHERE ( pid=184 )  [ RunTime:0.0000s ]
SQL: SELECT * FROM `oj_job_category` WHERE ( pid=185 )  [ RunTime:0.0000s ]
SQL: SELECT * FROM `oj_job_category` WHERE ( pid=186 )  [ RunTime:0.0000s ]
SQL: SELECT * FROM `oj_job_category` WHERE ( pid=187 )  [ RunTime:0.0010s ]
SQL: SELECT * FROM `oj_job_category` WHERE ( pid=188 )  [ RunTime:0.0000s ]
SQL: SELECT * FROM `oj_job_category` WHERE ( pid=189 )  [ RunTime:0.0000s ]
SQL: SELECT * FROM `oj_job_category` WHERE ( pid=190 )  [ RunTime:0.0000s ]
SQL: SELECT * FROM `oj_job_category` WHERE ( pid=191 )  [ RunTime:0.0010s ]
SQL: SELECT * FROM `oj_job_category` WHERE ( pid=192 )  [ RunTime:0.0000s ]
SQL: SELECT * FROM `oj_job_category` WHERE ( pid=36 )  [ RunTime:0.0000s ]
SQL: SELECT * FROM `oj_job_category` WHERE ( pid=37 )  [ RunTime:0.0000s ]
SQL: SELECT * FROM `oj_job_category` WHERE ( pid=193 )  [ RunTime:0.0010s ]
SQL: SELECT * FROM `oj_job_category` WHERE ( pid=194 )  [ RunTime:0.0000s ]
SQL: SELECT * FROM `oj_job_category` WHERE ( pid=195 )  [ RunTime:0.0000s ]
SQL: SELECT * FROM `oj_job_category` WHERE ( pid=38 )  [ RunTime:0.0000s ]
SQL: SELECT * FROM `oj_job_category` WHERE ( pid=39 )  [ RunTime:0.0010s ]
SQL: SELECT * FROM `oj_job_category` WHERE ( pid=40 )  [ RunTime:0.0010s ]
SQL: SELECT * FROM `oj_job_category` WHERE ( pid=196 )  [ RunTime:0.0000s ]
SQL: SELECT * FROM `oj_job_category` WHERE ( pid=197 )  [ RunTime:0.0000s ]
SQL: SELECT * FROM `oj_job_category` WHERE ( pid=198 )  [ RunTime:0.0000s ]
SQL: SELECT * FROM `oj_job_category` WHERE ( pid=199 )  [ RunTime:0.0000s ]
SQL: SELECT * FROM `oj_job_category` WHERE ( pid=200 )  [ RunTime:0.0000s ]
SQL: SELECT * FROM `oj_job_category` WHERE ( pid=201 )  [ RunTime:0.0010s ]
SQL: SELECT * FROM `oj_job_category` WHERE ( pid=67 )  [ RunTime:0.0000s ]
SQL: SELECT * FROM `oj_job_category` WHERE ( pid=202 )  [ RunTime:0.0000s ]
SQL: SELECT * FROM `oj_job_category` WHERE ( pid=203 )  [ RunTime:0.0000s ]
SQL: SELECT * FROM `oj_job_category` WHERE ( pid=68 )  [ RunTime:0.0010s ]
SQL: SELECT * FROM `oj_job_category` WHERE ( pid=204 )  [ RunTime:0.0000s ]
SQL: SELECT * FROM `oj_job_category` WHERE ( pid=205 )  [ RunTime:0.0000s ]
SQL: SELECT * FROM `oj_job_category` WHERE ( pid=206 )  [ RunTime:0.0010s ]
SQL: SELECT * FROM `oj_job_category` WHERE ( pid=69 )  [ RunTime:0.0000s ]
SQL: SELECT * FROM `oj_job_category` WHERE ( pid=207 )  [ RunTime:0.0000s ]
SQL: SELECT * FROM `oj_job_category` WHERE ( pid=208 )  [ RunTime:0.0010s ]
SQL: SELECT * FROM `oj_job_category` WHERE ( pid=209 )  [ RunTime:0.0000s ]
SQL: SELECT * FROM `oj_job_category` WHERE ( pid=70 )  [ RunTime:0.0000s ]
SQL: SELECT * FROM `oj_job_category` WHERE ( pid=210 )  [ RunTime:0.0000s ]
SQL: SELECT * FROM `oj_job_category` WHERE ( pid=211 )  [ RunTime:0.0000s ]
SQL: SELECT * FROM `oj_job_category` WHERE ( pid=212 )  [ RunTime:0.0000s ]
SQL: SELECT * FROM `oj_job_category` WHERE ( pid=213 )  [ RunTime:0.0000s ]
SQL: SELECT * FROM `oj_job_category` WHERE ( pid=6 )  [ RunTime:0.0010s ]
SQL: SELECT * FROM `oj_job_category` WHERE ( pid=41 )  [ RunTime:0.0000s ]
SQL: SELECT * FROM `oj_job_category` WHERE ( pid=42 )  [ RunTime:0.0000s ]
SQL: SELECT * FROM `oj_job_category` WHERE ( pid=43 )  [ RunTime:0.0000s ]
SQL: SELECT * FROM `oj_job_category` WHERE ( pid=214 )  [ RunTime:0.0010s ]
SQL: SELECT * FROM `oj_job_category` WHERE ( pid=215 )  [ RunTime:0.0000s ]
SQL: SELECT * FROM `oj_job_category` WHERE ( pid=216 )  [ RunTime:0.0010s ]
SQL: SELECT * FROM `oj_job_category` WHERE ( pid=217 )  [ RunTime:0.0000s ]
SQL: SELECT * FROM `oj_job_category` WHERE ( pid=44 )  [ RunTime:0.0000s ]
SQL: SELECT * FROM `oj_job_category` WHERE ( pid=45 )  [ RunTime:0.0010s ]
SQL: SELECT * FROM `oj_job_category` WHERE ( pid=46 )  [ RunTime:0.0000s ]
SQL: SELECT * FROM `oj_job_category` WHERE ( pid=218 )  [ RunTime:0.0000s ]
SQL: SELECT * FROM `oj_job_category` WHERE ( pid=219 )  [ RunTime:0.0000s ]
SQL: SELECT * FROM `oj_job_category` WHERE ( pid=47 )  [ RunTime:0.0010s ]
SQL: SELECT * FROM `oj_job_category` WHERE ( pid=48 )  [ RunTime:0.0000s ]
SQL: SELECT * FROM `oj_job_category` WHERE ( pid=49 )  [ RunTime:0.0000s ]
SQL: SELECT * FROM `oj_job_category` WHERE ( pid=220 )  [ RunTime:0.0010s ]
SQL: SELECT * FROM `oj_job_category` WHERE ( pid=221 )  [ RunTime:0.0000s ]
SQL: SELECT * FROM `oj_job_category` WHERE ( pid=222 )  [ RunTime:0.0000s ]
SQL: SELECT * FROM `oj_job_category` WHERE ( pid=223 )  [ RunTime:0.0000s ]
SQL: SELECT * FROM `oj_job_category` WHERE ( pid=224 )  [ RunTime:0.0010s ]
SQL: SELECT * FROM `oj_job_category` WHERE ( pid=50 )  [ RunTime:0.0000s ]
SQL: SELECT * FROM `oj_job_category` WHERE ( pid=51 )  [ RunTime:0.0000s ]
SQL: SELECT * FROM `oj_job_category` WHERE ( pid=52 )  [ RunTime:0.0000s ]
SQL: SELECT * FROM `oj_job_category` WHERE ( pid=225 )  [ RunTime:0.0010s ]
SQL: SELECT * FROM `oj_job_category` WHERE ( pid=71 )  [ RunTime:0.0000s ]
SQL: SELECT * FROM `oj_job_category` WHERE ( pid=226 )  [ RunTime:0.0000s ]
SQL: SELECT * FROM `oj_job_category` WHERE ( pid=227 )  [ RunTime:0.0010s ]
SQL: SELECT * FROM `oj_job_category` WHERE ( pid=228 )  [ RunTime:0.0000s ]
SQL: SELECT * FROM `oj_job_category` WHERE ( pid=229 )  [ RunTime:0.0000s ]
SQL: SELECT * FROM `oj_job_category` WHERE ( pid=230 )  [ RunTime:0.0000s ]
SQL: SHOW COLUMNS FROM `oj_user_col` [ RunTime:0.0050s ]
SQL: SHOW COLUMNS FROM `oj_job` [ RunTime:0.0070s ]
SQL: SHOW COLUMNS FROM `oj_company` [ RunTime:0.0080s ]
SQL: select job_id,count(job_id) as times from oj_user_col GROUP BY job_id order by times desc limit 10 [ RunTime:0.0020s ]
SQL: SELECT * FROM `oj_job` WHERE ( id=17 ) LIMIT 1   [ RunTime:0.0000s ]
SQL: SELECT * FROM `oj_company` WHERE ( id=15 ) LIMIT 1   [ RunTime:0.0010s ]
SQL: SELECT * FROM `oj_job` WHERE ( id=610 ) LIMIT 1   [ RunTime:0.0000s ]
SQL: SELECT * FROM `oj_company` WHERE ( id=15 ) LIMIT 1   [ RunTime:0.0000s ]
SQL: SELECT * FROM `oj_job` WHERE ( id=767 ) LIMIT 1   [ RunTime:0.0010s ]
SQL: SELECT * FROM `oj_company` WHERE ( id=1 ) LIMIT 1   [ RunTime:0.0000s ]
SQL: SELECT * FROM `oj_job` WHERE ( id=761 ) LIMIT 1   [ RunTime:0.0000s ]
SQL: SELECT * FROM `oj_company` WHERE ( id=169 ) LIMIT 1   [ RunTime:0.0010s ]
SQL: SELECT * FROM `oj_job` WHERE ( id=4 ) LIMIT 1   [ RunTime:0.0000s ]
SQL: SELECT * FROM `oj_company` WHERE ( id=1 ) LIMIT 1   [ RunTime:0.0000s ]
SQL: SELECT * FROM `oj_job` WHERE ( id=6 ) LIMIT 1   [ RunTime:0.0000s ]
SQL: SELECT * FROM `oj_company` WHERE ( id=2 ) LIMIT 1   [ RunTime:0.0000s ]
SQL: SELECT * FROM `oj_job` ORDER BY id desc LIMIT 10   [ RunTime:0.0000s ]
SQL: SELECT * FROM `oj_company` WHERE ( id=15 ) LIMIT 1   [ RunTime:0.0010s ]
SQL: SELECT * FROM `oj_company` WHERE ( id=313 ) LIMIT 1   [ RunTime:0.0000s ]
SQL: SELECT * FROM `oj_company` WHERE ( id=1 ) LIMIT 1   [ RunTime:0.0000s ]
SQL: SELECT * FROM `oj_company` WHERE ( id=1 ) LIMIT 1   [ RunTime:0.0000s ]
SQL: SELECT * FROM `oj_company` WHERE ( id=174 ) LIMIT 1   [ RunTime:0.0000s ]
SQL: SELECT * FROM `oj_company` WHERE ( id=173 ) LIMIT 1   [ RunTime:0.0000s ]
SQL: SELECT * FROM `oj_company` WHERE ( id=172 ) LIMIT 1   [ RunTime:0.0000s ]
SQL: SELECT * FROM `oj_company` WHERE ( id=171 ) LIMIT 1   [ RunTime:0.0010s ]
SQL: SELECT * FROM `oj_company` WHERE ( id=170 ) LIMIT 1   [ RunTime:0.0000s ]
SQL: SELECT * FROM `oj_company` WHERE ( id=169 ) LIMIT 1   [ RunTime:0.0000s ]
SQL: SELECT * FROM `oj_company` LIMIT 0,6   [ RunTime:0.0000s ]
SQL: SELECT * FROM `oj_company` LIMIT 6,6   [ RunTime:0.0000s ]
SQL: SHOW COLUMNS FROM `oj_links` [ RunTime:0.0050s ]
SQL: SELECT * FROM `oj_links`  [ RunTime:0.0000s ]
INFO: [ view_parse ] --START--
INFO: [ template_filter ] --START--
INFO: Run Behavior\ContentReplaceBehavior [ RunTime:0.001000s ]
INFO: [ template_filter ] --END-- [ RunTime:0.001000s ]
NOTIC: [8] Undefined index: state F:\phpspace\onejob\Application\Runtime\Cache\Home\2a94b8bda04ff446dcedd42276fc99ee.php 第 50 行.
NOTIC: [8] Use of undefined constant index - assumed 'index' F:\phpspace\onejob\Application\Runtime\Cache\Home\2a94b8bda04ff446dcedd42276fc99ee.php 第 53 行.
NOTIC: [8] Use of undefined constant index - assumed 'index' F:\phpspace\onejob\Application\Runtime\Cache\Home\2a94b8bda04ff446dcedd42276fc99ee.php 第 54 行.
NOTIC: [8] Use of undefined constant index - assumed 'index' F:\phpspace\onejob\Application\Runtime\Cache\Home\2a94b8bda04ff446dcedd42276fc99ee.php 第 55 行.
NOTIC: [8] Use of undefined constant index - assumed 'index' F:\phpspace\onejob\Application\Runtime\Cache\Home\2a94b8bda04ff446dcedd42276fc99ee.php 第 56 行.
NOTIC: [8] Undefined index: state F:\phpspace\onejob\Application\Runtime\Cache\Home\2a94b8bda04ff446dcedd42276fc99ee.php 第 65 行.
NOTIC: [8] Undefined index: state F:\phpspace\onejob\Application\Runtime\Cache\Home\2a94b8bda04ff446dcedd42276fc99ee.php 第 85 行.
NOTIC: [8] Undefined index: team F:\phpspace\onejob\Application\Runtime\Cache\Home\2a94b8bda04ff446dcedd42276fc99ee.php 第 243 行.
NOTIC: [8] Undefined index: team F:\phpspace\onejob\Application\Runtime\Cache\Home\2a94b8bda04ff446dcedd42276fc99ee.php 第 243 行.
NOTIC: [8] Undefined index: team F:\phpspace\onejob\Application\Runtime\Cache\Home\2a94b8bda04ff446dcedd42276fc99ee.php 第 243 行.
NOTIC: [8] Undefined index: team F:\phpspace\onejob\Application\Runtime\Cache\Home\2a94b8bda04ff446dcedd42276fc99ee.php 第 243 行.
NOTIC: [8] Undefined index: team F:\phpspace\onejob\Application\Runtime\Cache\Home\2a94b8bda04ff446dcedd42276fc99ee.php 第 243 行.
NOTIC: [8] Undefined index: team F:\phpspace\onejob\Application\Runtime\Cache\Home\2a94b8bda04ff446dcedd42276fc99ee.php 第 243 行.
NOTIC: [8] Undefined index:  F:\phpspace\onejob\Application\Runtime\Cache\Home\2a94b8bda04ff446dcedd42276fc99ee.php 第 245 行.
NOTIC: [8] Undefined index:  F:\phpspace\onejob\Application\Runtime\Cache\Home\2a94b8bda04ff446dcedd42276fc99ee.php 第 246 行.
NOTIC: [8] Undefined index: team F:\phpspace\onejob\Application\Runtime\Cache\Home\2a94b8bda04ff446dcedd42276fc99ee.php 第 278 行.
NOTIC: [8] Undefined index: team F:\phpspace\onejob\Application\Runtime\Cache\Home\2a94b8bda04ff446dcedd42276fc99ee.php 第 278 行.
NOTIC: [8] Undefined index: team F:\phpspace\onejob\Application\Runtime\Cache\Home\2a94b8bda04ff446dcedd42276fc99ee.php 第 278 行.
NOTIC: [8] Undefined index: team F:\phpspace\onejob\Application\Runtime\Cache\Home\2a94b8bda04ff446dcedd42276fc99ee.php 第 278 行.
NOTIC: [8] Undefined index: team F:\phpspace\onejob\Application\Runtime\Cache\Home\2a94b8bda04ff446dcedd42276fc99ee.php 第 278 行.
NOTIC: [8] Undefined index: team F:\phpspace\onejob\Application\Runtime\Cache\Home\2a94b8bda04ff446dcedd42276fc99ee.php 第 278 行.
NOTIC: [8] Undefined index: team F:\phpspace\onejob\Application\Runtime\Cache\Home\2a94b8bda04ff446dcedd42276fc99ee.php 第 278 行.
NOTIC: [8] Undefined index: team F:\phpspace\onejob\Application\Runtime\Cache\Home\2a94b8bda04ff446dcedd42276fc99ee.php 第 278 行.
NOTIC: [8] Undefined index: team F:\phpspace\onejob\Application\Runtime\Cache\Home\2a94b8bda04ff446dcedd42276fc99ee.php 第 278 行.
NOTIC: [8] Undefined index: team F:\phpspace\onejob\Application\Runtime\Cache\Home\2a94b8bda04ff446dcedd42276fc99ee.php 第 278 行.
INFO: Run Behavior\ParseTemplateBehavior [ RunTime:0.019000s ]
INFO: [ view_parse ] --END-- [ RunTime:0.019000s ]
INFO: [ view_filter ] --START--
INFO: Run Behavior\WriteHtmlCacheBehavior [ RunTime:0.000000s ]
INFO: [ view_filter ] --END-- [ RunTime:0.000000s ]
INFO: [ app_end ] --START--
INFO: Run Behavior\ShowPageTraceBehavior [ RunTime:0.001000s ]
INFO: [ app_end ] --END-- [ RunTime:0.001000s ]

[ 2017-02-14T21:04:56+08:00 ] 127.0.0.1 /Home/Index/send.html
INFO: [ app_init ] --START--
INFO: Run Behavior\BuildLiteBehavior [ RunTime:0.000000s ]
INFO: [ app_init ] --END-- [ RunTime:0.000000s ]
INFO: [ app_begin ] --START--
INFO: Run Behavior\ReadHtmlCacheBehavior [ RunTime:0.000000s ]
INFO: [ app_begin ] --END-- [ RunTime:0.000000s ]
INFO: [ app_end ] --START--
INFO: Run Behavior\ShowPageTraceBehavior [ RunTime:0.000000s ]
INFO: [ app_end ] --END-- [ RunTime:0.000000s ]

[ 2017-02-14T21:04:56+08:00 ] 127.0.0.1 /favicon.ico
INFO: [ app_init ] --START--
INFO: Run Behavior\BuildLiteBehavior [ RunTime:0.001000s ]
INFO: [ app_init ] --END-- [ RunTime:0.001000s ]

[ 2017-02-14T21:12:04+08:00 ] 127.0.0.1 /Home/Index/send.html
INFO: [ app_init ] --START--
INFO: Run Behavior\BuildLiteBehavior [ RunTime:0.000000s ]
INFO: [ app_init ] --END-- [ RunTime:0.000000s ]
INFO: [ app_begin ] --START--
INFO: Run Behavior\ReadHtmlCacheBehavior [ RunTime:0.000000s ]
INFO: [ app_begin ] --END-- [ RunTime:0.000000s ]
INFO: [ app_end ] --START--
INFO: Run Behavior\ShowPageTraceBehavior [ RunTime:0.001000s ]
INFO: [ app_end ] --END-- [ RunTime:0.001000s ]

[ 2017-02-14T21:27:24+08:00 ] 127.0.0.1 /Home/Index/send.html
INFO: [ app_init ] --START--
INFO: Run Behavior\BuildLiteBehavior [ RunTime:0.000000s ]
INFO: [ app_init ] --END-- [ RunTime:0.000000s ]
INFO: [ app_begin ] --START--
INFO: Run Behavior\ReadHtmlCacheBehavior [ RunTime:0.001000s ]
INFO: [ app_begin ] --END-- [ RunTime:0.001000s ]
INFO: [ app_end ] --START--
INFO: Run Behavior\ShowPageTraceBehavior [ RunTime:0.000000s ]
INFO: [ app_end ] --END-- [ RunTime:0.000000s ]

[ 2017-02-14T21:29:17+08:00 ] 127.0.0.1 /Home/Index/send.html
INFO: [ app_init ] --START--
INFO: Run Behavior\BuildLiteBehavior [ RunTime:0.000000s ]
INFO: [ app_init ] --END-- [ RunTime:0.000000s ]
INFO: [ app_begin ] --START--
INFO: Run Behavior\ReadHtmlCacheBehavior [ RunTime:0.000000s ]
INFO: [ app_begin ] --END-- [ RunTime:0.000000s ]
INFO: [ app_end ] --START--
INFO: Run Behavior\ShowPageTraceBehavior [ RunTime:0.001000s ]
INFO: [ app_end ] --END-- [ RunTime:0.001000s ]

[ 2017-02-14T21:29:18+08:00 ] 127.0.0.1 /Home/Index/send.html
INFO: [ app_init ] --START--
INFO: Run Behavior\BuildLiteBehavior [ RunTime:0.000000s ]
INFO: [ app_init ] --END-- [ RunTime:0.000000s ]
INFO: [ app_begin ] --START--
INFO: Run Behavior\ReadHtmlCacheBehavior [ RunTime:0.000000s ]
INFO: [ app_begin ] --END-- [ RunTime:0.000000s ]
INFO: [ app_end ] --START--
INFO: Run Behavior\ShowPageTraceBehavior [ RunTime:0.000000s ]
INFO: [ app_end ] --END-- [ RunTime:0.000000s ]

[ 2017-02-14T21:29:24+08:00 ] 127.0.0.1 /favicon.ico
INFO: [ app_init ] --START--
INFO: Run Behavior\BuildLiteBehavior [ RunTime:0.000000s ]
INFO: [ app_init ] --END-- [ RunTime:0.000000s ]

[ 2017-02-14T21:48:05+08:00 ] 127.0.0.1 /Home/Index/send.html
INFO: [ app_init ] --START--
INFO: Run Behavior\BuildLiteBehavior [ RunTime:0.000000s ]
INFO: [ app_init ] --END-- [ RunTime:0.000000s ]
INFO: [ app_begin ] --START--
INFO: Run Behavior\ReadHtmlCacheBehavior [ RunTime:0.000000s ]
INFO: [ app_begin ] --END-- [ RunTime:0.000000s ]
INFO: [ app_end ] --START--
INFO: Run Behavior\ShowPageTraceBehavior [ RunTime:0.001000s ]
INFO: [ app_end ] --END-- [ RunTime:0.001000s ]

[ 2017-02-14T21:48:18+08:00 ] 127.0.0.1 /Home/Index/send.html
INFO: [ app_init ] --START--
INFO: Run Behavior\BuildLiteBehavior [ RunTime:0.000000s ]
INFO: [ app_init ] --END-- [ RunTime:0.000000s ]
INFO: [ app_begin ] --START--
INFO: Run Behavior\ReadHtmlCacheBehavior [ RunTime:0.001000s ]
INFO: [ app_begin ] --END-- [ RunTime:0.001000s ]
INFO: [ app_end ] --START--
INFO: Run Behavior\ShowPageTraceBehavior [ RunTime:0.001000s ]
INFO: [ app_end ] --END-- [ RunTime:0.001000s ]

[ 2017-02-14T21:48:28+08:00 ] 127.0.0.1 /Home/Index/send.html
INFO: [ app_init ] --START--
INFO: Run Behavior\BuildLiteBehavior [ RunTime:0.000000s ]
INFO: [ app_init ] --END-- [ RunTime:0.000000s ]
INFO: [ app_begin ] --START--
INFO: Run Behavior\ReadHtmlCacheBehavior [ RunTime:0.015600s ]
INFO: [ app_begin ] --END-- [ RunTime:0.015600s ]
INFO: [ app_end ] --START--
INFO: Run Behavior\ShowPageTraceBehavior [ RunTime:0.000000s ]
INFO: [ app_end ] --END-- [ RunTime:0.000000s ]

[ 2017-02-14T21:49:19+08:00 ] 127.0.0.1 /Home/Index/send.html
INFO: [ app_init ] --START--
INFO: Run Behavior\BuildLiteBehavior [ RunTime:0.000000s ]
INFO: [ app_init ] --END-- [ RunTime:0.000000s ]
INFO: [ app_begin ] --START--
INFO: Run Behavior\ReadHtmlCacheBehavior [ RunTime:0.000000s ]
INFO: [ app_begin ] --END-- [ RunTime:0.000000s ]
INFO: [ app_end ] --START--
INFO: Run Behavior\ShowPageTraceBehavior [ RunTime:0.000000s ]
INFO: [ app_end ] --END-- [ RunTime:0.000000s ]

[ 2017-02-14T21:50:38+08:00 ] 127.0.0.1 /Home/Index/send.html
INFO: [ app_init ] --START--
INFO: Run Behavior\BuildLiteBehavior [ RunTime:0.000000s ]
INFO: [ app_init ] --END-- [ RunTime:0.000000s ]
INFO: [ app_begin ] --START--
INFO: Run Behavior\ReadHtmlCacheBehavior [ RunTime:0.001000s ]
INFO: [ app_begin ] --END-- [ RunTime:0.001000s ]
INFO: [ app_end ] --START--
INFO: Run Behavior\ShowPageTraceBehavior [ RunTime:0.001000s ]
INFO: [ app_end ] --END-- [ RunTime:0.001000s ]

[ 2017-02-14T21:53:50+08:00 ] 127.0.0.1 /Home/Index/send.html
INFO: [ app_init ] --START--
INFO: Run Behavior\BuildLiteBehavior [ RunTime:0.000000s ]
INFO: [ app_init ] --END-- [ RunTime:0.000000s ]
INFO: [ app_begin ] --START--
INFO: Run Behavior\ReadHtmlCacheBehavior [ RunTime:0.000000s ]
INFO: [ app_begin ] --END-- [ RunTime:0.000000s ]
INFO: [ app_end ] --START--
INFO: Run Behavior\ShowPageTraceBehavior [ RunTime:0.000000s ]
INFO: [ app_end ] --END-- [ RunTime:0.000000s ]

[ 2017-02-14T21:55:12+08:00 ] 127.0.0.1 /Home/Index/send.html
INFO: [ app_init ] --START--
INFO: Run Behavior\BuildLiteBehavior [ RunTime:0.000000s ]
INFO: [ app_init ] --END-- [ RunTime:0.000000s ]
INFO: [ app_begin ] --START--
INFO: Run Behavior\ReadHtmlCacheBehavior [ RunTime:0.000000s ]
INFO: [ app_begin ] --END-- [ RunTime:0.000000s ]
INFO: [ app_end ] --START--
INFO: Run Behavior\ShowPageTraceBehavior [ RunTime:0.000000s ]
INFO: [ app_end ] --END-- [ RunTime:0.000000s ]

[ 2017-02-14T21:55:28+08:00 ] 127.0.0.1 /Home/Index/send.html
INFO: [ app_init ] --START--
INFO: Run Behavior\BuildLiteBehavior [ RunTime:0.000000s ]
INFO: [ app_init ] --END-- [ RunTime:0.000000s ]
INFO: [ app_begin ] --START--
INFO: Run Behavior\ReadHtmlCacheBehavior [ RunTime:0.000000s ]
INFO: [ app_begin ] --END-- [ RunTime:0.000000s ]
INFO: [ app_end ] --START--
INFO: Run Behavior\ShowPageTraceBehavior [ RunTime:0.000000s ]
INFO: [ app_end ] --END-- [ RunTime:0.000000s ]

[ 2017-02-14T22:06:07+08:00 ] 127.0.0.1 /Home/Index/send.html
INFO: [ app_init ] --START--
INFO: Run Behavior\BuildLiteBehavior [ RunTime:0.000000s ]
INFO: [ app_init ] --END-- [ RunTime:0.000000s ]
INFO: [ app_begin ] --START--
INFO: Run Behavior\ReadHtmlCacheBehavior [ RunTime:0.000000s ]
INFO: [ app_begin ] --END-- [ RunTime:0.000000s ]
INFO: [ app_end ] --START--
INFO: Run Behavior\ShowPageTraceBehavior [ RunTime:0.015600s ]
INFO: [ app_end ] --END-- [ RunTime:0.015600s ]

[ 2017-02-14T22:08:08+08:00 ] 127.0.0.1 /Home/Index/send.html
INFO: [ app_init ] --START--
INFO: Run Behavior\BuildLiteBehavior [ RunTime:0.000000s ]
INFO: [ app_init ] --END-- [ RunTime:0.000000s ]
INFO: [ app_begin ] --START--
INFO: Run Behavior\ReadHtmlCacheBehavior [ RunTime:0.001000s ]
INFO: [ app_begin ] --END-- [ RunTime:0.001000s ]
INFO: [ app_end ] --START--
INFO: Run Behavior\ShowPageTraceBehavior [ RunTime:0.000000s ]
INFO: [ app_end ] --END-- [ RunTime:0.000000s ]

[ 2017-02-14T22:10:54+08:00 ] 127.0.0.1 /Home/Index/send.html
INFO: [ app_init ] --START--
INFO: Run Behavior\BuildLiteBehavior [ RunTime:0.000000s ]
INFO: [ app_init ] --END-- [ RunTime:0.000000s ]
INFO: [ app_begin ] --START--
INFO: Run Behavior\ReadHtmlCacheBehavior [ RunTime:0.001000s ]
INFO: [ app_begin ] --END-- [ RunTime:0.001000s ]
INFO: [ app_end ] --START--
INFO: Run Behavior\ShowPageTraceBehavior [ RunTime:0.000000s ]
INFO: [ app_end ] --END-- [ RunTime:0.000000s ]

[ 2017-02-14T22:11:25+08:00 ] 127.0.0.1 /Home/Index/send.html
INFO: [ app_init ] --START--
INFO: Run Behavior\BuildLiteBehavior [ RunTime:0.000000s ]
INFO: [ app_init ] --END-- [ RunTime:0.000000s ]
INFO: [ app_begin ] --START--
INFO: Run Behavior\ReadHtmlCacheBehavior [ RunTime:0.000000s ]
INFO: [ app_begin ] --END-- [ RunTime:0.000000s ]
INFO: [ app_end ] --START--
INFO: Run Behavior\ShowPageTraceBehavior [ RunTime:0.000000s ]
INFO: [ app_end ] --END-- [ RunTime:0.000000s ]

[ 2017-02-14T22:11:28+08:00 ] 127.0.0.1 /Home/Index/send.html
INFO: [ app_init ] --START--
INFO: Run Behavior\BuildLiteBehavior [ RunTime:0.000000s ]
INFO: [ app_init ] --END-- [ RunTime:0.000000s ]
INFO: [ app_begin ] --START--
INFO: Run Behavior\ReadHtmlCacheBehavior [ RunTime:0.000000s ]
INFO: [ app_begin ] --END-- [ RunTime:0.000000s ]
INFO: [ app_end ] --START--
INFO: Run Behavior\ShowPageTraceBehavior [ RunTime:0.000000s ]
INFO: [ app_end ] --END-- [ RunTime:0.000000s ]

[ 2017-02-14T22:11:47+08:00 ] 127.0.0.1 /Home/Index/send.html
INFO: [ app_init ] --START--
INFO: Run Behavior\BuildLiteBehavior [ RunTime:0.000000s ]
INFO: [ app_init ] --END-- [ RunTime:0.000000s ]
INFO: [ app_begin ] --START--
INFO: Run Behavior\ReadHtmlCacheBehavior [ RunTime:0.000000s ]
INFO: [ app_begin ] --END-- [ RunTime:0.001000s ]
INFO: [ app_end ] --START--
INFO: Run Behavior\ShowPageTraceBehavior [ RunTime:0.000000s ]
INFO: [ app_end ] --END-- [ RunTime:0.000000s ]

[ 2017-02-14T22:12:38+08:00 ] 127.0.0.1 /Home/Index/send.html
INFO: [ app_init ] --START--
INFO: Run Behavior\BuildLiteBehavior [ RunTime:0.000000s ]
INFO: [ app_init ] --END-- [ RunTime:0.000000s ]
INFO: [ app_begin ] --START--
INFO: Run Behavior\ReadHtmlCacheBehavior [ RunTime:0.001000s ]
INFO: [ app_begin ] --END-- [ RunTime:0.001000s ]
INFO: [ app_end ] --START--
INFO: Run Behavior\ShowPageTraceBehavior [ RunTime:0.000000s ]
INFO: [ app_end ] --END-- [ RunTime:0.000000s ]

[ 2017-02-14T22:15:03+08:00 ] 127.0.0.1 /Home/Index/send.html
INFO: [ app_init ] --START--
INFO: Run Behavior\BuildLiteBehavior [ RunTime:0.000000s ]
INFO: [ app_init ] --END-- [ RunTime:0.000000s ]
INFO: [ app_begin ] --START--
INFO: Run Behavior\ReadHtmlCacheBehavior [ RunTime:0.000000s ]
INFO: [ app_begin ] --END-- [ RunTime:0.000000s ]
INFO: [ app_end ] --START--
INFO: Run Behavior\ShowPageTraceBehavior [ RunTime:0.000000s ]
INFO: [ app_end ] --END-- [ RunTime:0.000000s ]

[ 2017-02-14T22:15:28+08:00 ] 127.0.0.1 /Home/Index/send.html
INFO: [ app_init ] --START--
INFO: Run Behavior\BuildLiteBehavior [ RunTime:0.000000s ]
INFO: [ app_init ] --END-- [ RunTime:0.000000s ]
INFO: [ app_begin ] --START--
INFO: Run Behavior\ReadHtmlCacheBehavior [ RunTime:0.000000s ]
INFO: [ app_begin ] --END-- [ RunTime:0.000000s ]
INFO: [ app_end ] --START--
INFO: Run Behavior\ShowPageTraceBehavior [ RunTime:0.001000s ]
INFO: [ app_end ] --END-- [ RunTime:0.001000s ]

