[ 2017-02-15T12:50:45+08:00 ] 127.0.0.1 /admin
INFO: [ app_init ] --START--
INFO: Run Behavior\BuildLiteBehavior [ RunTime:0.000000s ]
INFO: [ app_init ] --END-- [ RunTime:0.000000s ]
INFO: [ app_begin ] --START--
INFO: Run Behavior\ReadHtmlCacheBehavior [ RunTime:0.000000s ]
INFO: [ app_begin ] --END-- [ RunTime:0.000000s ]
INFO: [ view_parse ] --START--
INFO: [ template_filter ] --START--
INFO: Run Behavior\ContentReplaceBehavior [ RunTime:0.000000s ]
INFO: [ template_filter ] --END-- [ RunTime:0.000000s ]
INFO: Run Behavior\ParseTemplateBehavior [ RunTime:0.011000s ]
INFO: [ view_parse ] --END-- [ RunTime:0.011000s ]
INFO: [ view_filter ] --START--
INFO: Run Behavior\WriteHtmlCacheBehavior [ RunTime:0.001000s ]
INFO: [ view_filter ] --END-- [ RunTime:0.001000s ]

[ 2017-02-15T12:50:48+08:00 ] 127.0.0.1 /Admin/Login/login.html
INFO: [ app_init ] --START--
INFO: Run Behavior\BuildLiteBehavior [ RunTime:0.000000s ]
INFO: [ app_init ] --END-- [ RunTime:0.000000s ]
INFO: [ app_begin ] --START--
INFO: Run Behavior\ReadHtmlCacheBehavior [ RunTime:0.000000s ]
INFO: [ app_begin ] --END-- [ RunTime:0.000000s ]
INFO: [ view_parse ] --START--
INFO: [ template_filter ] --START--
INFO: Run Behavior\ContentReplaceBehavior [ RunTime:0.000000s ]
INFO: [ template_filter ] --END-- [ RunTime:0.000000s ]
INFO: Run Behavior\ParseTemplateBehavior [ RunTime:0.013000s ]
INFO: [ view_parse ] --END-- [ RunTime:0.013000s ]
INFO: [ view_filter ] --START--
INFO: Run Behavior\WriteHtmlCacheBehavior [ RunTime:0.000000s ]
INFO: [ view_filter ] --END-- [ RunTime:0.000000s ]
INFO: [ app_end ] --START--
INFO: Run Behavior\ShowPageTraceBehavior [ RunTime:0.001000s ]
INFO: [ app_end ] --END-- [ RunTime:0.001000s ]

[ 2017-02-15T12:50:49+08:00 ] 127.0.0.1 /Admin/Login/verify.html
INFO: [ app_init ] --START--
INFO: Run Behavior\BuildLiteBehavior [ RunTime:0.000000s ]
INFO: [ app_init ] --END-- [ RunTime:0.000000s ]
INFO: [ app_begin ] --START--
INFO: Run Behavior\ReadHtmlCacheBehavior [ RunTime:0.000000s ]
INFO: [ app_begin ] --END-- [ RunTime:0.000000s ]
INFO: [ app_end ] --START--
INFO: Run Behavior\ShowPageTraceBehavior [ RunTime:0.001000s ]
INFO: [ app_end ] --END-- [ RunTime:0.001000s ]

[ 2017-02-15T12:50:58+08:00 ] 127.0.0.1 /Admin/Login/doLogin.html
INFO: [ app_init ] --START--
INFO: Run Behavior\BuildLiteBehavior [ RunTime:0.000000s ]
INFO: [ app_init ] --END-- [ RunTime:0.000000s ]
INFO: [ app_begin ] --START--
INFO: Run Behavior\ReadHtmlCacheBehavior [ RunTime:0.000000s ]
INFO: [ app_begin ] --END-- [ RunTime:0.000000s ]
NOTIC: [2] Missing argument 1 for I(), called in F:\phpspace\onejob\Application\Admin\Controller\LoginController.class.php on line 26 and defined F:\phpspace\onejob\ThinkPHP\Common\functions.php 第 271 行.
NOTIC: [8] Undefined variable: name F:\phpspace\onejob\ThinkPHP\Common\functions.php 第 273 行.
NOTIC: [8] Undefined variable: name F:\phpspace\onejob\ThinkPHP\Common\functions.php 第 278 行.
NOTIC: [8] Undefined variable: name F:\phpspace\onejob\ThinkPHP\Common\functions.php 第 339 行.
SQL: SHOW COLUMNS FROM `oj_admin` [ RunTime:0.0120s ]
SQL: SELECT * FROM `oj_admin` WHERE ( username = "admin" ) LIMIT 1   [ RunTime:0.0000s ]
SQL: UPDATE `oj_admin` SET `login_ip`='127.0.0.1',`login_time`='1487134258' WHERE `id` = 4 [ RunTime:0.0020s ]

[ 2017-02-15T12:50:58+08:00 ] 127.0.0.1 /Admin/Login/verify.html?1998
INFO: [ app_init ] --START--
INFO: Run Behavior\BuildLiteBehavior [ RunTime:0.000000s ]
INFO: [ app_init ] --END-- [ RunTime:0.000000s ]
INFO: [ app_begin ] --START--
INFO: Run Behavior\ReadHtmlCacheBehavior [ RunTime:0.001000s ]
INFO: [ app_begin ] --END-- [ RunTime:0.001000s ]
INFO: [ app_end ] --START--
INFO: Run Behavior\ShowPageTraceBehavior [ RunTime:0.000000s ]
INFO: [ app_end ] --END-- [ RunTime:0.000000s ]

[ 2017-02-15T12:51:00+08:00 ] 127.0.0.1 /Admin/Index/index.html
INFO: [ app_init ] --START--
INFO: Run Behavior\BuildLiteBehavior [ RunTime:0.000000s ]
INFO: [ app_init ] --END-- [ RunTime:0.000000s ]
INFO: [ app_begin ] --START--
INFO: Run Behavior\ReadHtmlCacheBehavior [ RunTime:0.001000s ]
INFO: [ app_begin ] --END-- [ RunTime:0.001000s ]
SQL: SHOW COLUMNS FROM `oj_users` [ RunTime:0.0060s ]
SQL: SELECT COUNT(*) AS tp_count FROM `oj_users` WHERE ( type=1 ) LIMIT 1   [ RunTime:0.0000s ]
SQL: SELECT COUNT(*) AS tp_count FROM `oj_users` WHERE ( type=2 ) LIMIT 1   [ RunTime:0.0000s ]
SQL: SHOW COLUMNS FROM `oj_resume` [ RunTime:0.0190s ]
SQL: SELECT COUNT(*) AS tp_count FROM `oj_resume` LIMIT 1   [ RunTime:0.0000s ]
SQL: SHOW COLUMNS FROM `oj_job` [ RunTime:0.0050s ]
SQL: SELECT COUNT(*) AS tp_count FROM `oj_job` LIMIT 1   [ RunTime:0.0010s ]
SQL: SHOW COLUMNS FROM `oj_links` [ RunTime:0.0060s ]
SQL: SELECT COUNT(*) AS tp_count FROM `oj_links` LIMIT 1   [ RunTime:0.0010s ]
SQL: SELECT COUNT(*) AS tp_count FROM `oj_users` WHERE ( type=1 and state=1 ) LIMIT 1   [ RunTime:0.0000s ]
SQL: SELECT COUNT(*) AS tp_count FROM `oj_users` WHERE ( type=1 and state=0 ) LIMIT 1   [ RunTime:0.0010s ]
SQL: SHOW COLUMNS FROM `oj_company` [ RunTime:0.0050s ]
SQL: SELECT COUNT(*) AS tp_count FROM `oj_company` WHERE ( state=1 ) LIMIT 1   [ RunTime:0.0010s ]
SQL: SELECT COUNT(*) AS tp_count FROM `oj_company` WHERE ( state=2 ) LIMIT 1   [ RunTime:0.0000s ]
INFO: [ view_parse ] --START--
INFO: [ template_filter ] --START--
INFO: Run Behavior\ContentReplaceBehavior [ RunTime:0.000000s ]
INFO: [ template_filter ] --END-- [ RunTime:0.001000s ]
NOTIC: [8] Use of undefined constant index - assumed 'index' F:\phpspace\onejob\Application\Runtime\Cache\Admin\b595b808c2ebeeeb0478ffc30bb4e87a.php 第 102 行.
NOTIC: [8] Use of undefined constant index - assumed 'index' F:\phpspace\onejob\Application\Runtime\Cache\Admin\b595b808c2ebeeeb0478ffc30bb4e87a.php 第 109 行.
NOTIC: [8] Use of undefined constant index - assumed 'index' F:\phpspace\onejob\Application\Runtime\Cache\Admin\b595b808c2ebeeeb0478ffc30bb4e87a.php 第 125 行.
NOTIC: [8] Use of undefined constant ac - assumed 'ac' F:\phpspace\onejob\Application\Runtime\Cache\Admin\b595b808c2ebeeeb0478ffc30bb4e87a.php 第 132 行.
NOTIC: [8] Use of undefined constant ac - assumed 'ac' F:\phpspace\onejob\Application\Runtime\Cache\Admin\b595b808c2ebeeeb0478ffc30bb4e87a.php 第 138 行.
NOTIC: [8] Use of undefined constant index - assumed 'index' F:\phpspace\onejob\Application\Runtime\Cache\Admin\b595b808c2ebeeeb0478ffc30bb4e87a.php 第 147 行.
NOTIC: [8] Use of undefined constant ac - assumed 'ac' F:\phpspace\onejob\Application\Runtime\Cache\Admin\b595b808c2ebeeeb0478ffc30bb4e87a.php 第 154 行.
NOTIC: [8] Use of undefined constant index - assumed 'index' F:\phpspace\onejob\Application\Runtime\Cache\Admin\b595b808c2ebeeeb0478ffc30bb4e87a.php 第 163 行.
NOTIC: [8] Use of undefined constant ac - assumed 'ac' F:\phpspace\onejob\Application\Runtime\Cache\Admin\b595b808c2ebeeeb0478ffc30bb4e87a.php 第 170 行.
NOTIC: [8] Use of undefined constant index - assumed 'index' F:\phpspace\onejob\Application\Runtime\Cache\Admin\b595b808c2ebeeeb0478ffc30bb4e87a.php 第 179 行.
INFO: Run Behavior\ParseTemplateBehavior [ RunTime:0.040000s ]
INFO: [ view_parse ] --END-- [ RunTime:0.040000s ]
INFO: [ view_filter ] --START--
INFO: Run Behavior\WriteHtmlCacheBehavior [ RunTime:0.000000s ]
INFO: [ view_filter ] --END-- [ RunTime:0.000000s ]
INFO: [ app_end ] --START--
INFO: Run Behavior\ShowPageTraceBehavior [ RunTime:0.000000s ]
INFO: [ app_end ] --END-- [ RunTime:0.000000s ]

[ 2017-02-15T12:51:02+08:00 ] 127.0.0.1 /Admin/Type/index.html
INFO: [ app_init ] --START--
INFO: Run Behavior\BuildLiteBehavior [ RunTime:0.000000s ]
INFO: [ app_init ] --END-- [ RunTime:0.000000s ]
INFO: [ app_begin ] --START--
INFO: Run Behavior\ReadHtmlCacheBehavior [ RunTime:0.001000s ]
INFO: [ app_begin ] --END-- [ RunTime:0.001000s ]
SQL: SHOW COLUMNS FROM `oj_job_category` [ RunTime:0.0060s ]
SQL: SELECT * FROM `oj_job_category`  [ RunTime:0.0010s ]
INFO: [ view_parse ] --START--
INFO: [ template_filter ] --START--
INFO: Run Behavior\ContentReplaceBehavior [ RunTime:0.000000s ]
INFO: [ template_filter ] --END-- [ RunTime:0.000000s ]
NOTIC: [8] Use of undefined constant type - assumed 'type' F:\phpspace\onejob\Application\Runtime\Cache\Admin\3b6e6feb5346d731534a67390cc3c121.php 第 102 行.
NOTIC: [8] Use of undefined constant type - assumed 'type' F:\phpspace\onejob\Application\Runtime\Cache\Admin\3b6e6feb5346d731534a67390cc3c121.php 第 109 行.
NOTIC: [8] Use of undefined constant type - assumed 'type' F:\phpspace\onejob\Application\Runtime\Cache\Admin\3b6e6feb5346d731534a67390cc3c121.php 第 125 行.
NOTIC: [8] Use of undefined constant ac - assumed 'ac' F:\phpspace\onejob\Application\Runtime\Cache\Admin\3b6e6feb5346d731534a67390cc3c121.php 第 132 行.
NOTIC: [8] Use of undefined constant ac - assumed 'ac' F:\phpspace\onejob\Application\Runtime\Cache\Admin\3b6e6feb5346d731534a67390cc3c121.php 第 138 行.
NOTIC: [8] Use of undefined constant type - assumed 'type' F:\phpspace\onejob\Application\Runtime\Cache\Admin\3b6e6feb5346d731534a67390cc3c121.php 第 147 行.
NOTIC: [8] Use of undefined constant ac - assumed 'ac' F:\phpspace\onejob\Application\Runtime\Cache\Admin\3b6e6feb5346d731534a67390cc3c121.php 第 154 行.
NOTIC: [8] Use of undefined constant type - assumed 'type' F:\phpspace\onejob\Application\Runtime\Cache\Admin\3b6e6feb5346d731534a67390cc3c121.php 第 163 行.
NOTIC: [8] Use of undefined constant ac - assumed 'ac' F:\phpspace\onejob\Application\Runtime\Cache\Admin\3b6e6feb5346d731534a67390cc3c121.php 第 170 行.
NOTIC: [8] Use of undefined constant type - assumed 'type' F:\phpspace\onejob\Application\Runtime\Cache\Admin\3b6e6feb5346d731534a67390cc3c121.php 第 179 行.
INFO: Run Behavior\ParseTemplateBehavior [ RunTime:0.018000s ]
INFO: [ view_parse ] --END-- [ RunTime:0.018000s ]
INFO: [ view_filter ] --START--
INFO: Run Behavior\WriteHtmlCacheBehavior [ RunTime:0.000000s ]
INFO: [ view_filter ] --END-- [ RunTime:0.000000s ]
INFO: [ app_end ] --START--
INFO: Run Behavior\ShowPageTraceBehavior [ RunTime:0.000000s ]
INFO: [ app_end ] --END-- [ RunTime:0.000000s ]

[ 2017-02-15T12:51:33+08:00 ] 127.0.0.1 /Admin/Type/edit/id/73.html
INFO: [ app_init ] --START--
INFO: Run Behavior\BuildLiteBehavior [ RunTime:0.000000s ]
INFO: [ app_init ] --END-- [ RunTime:0.000000s ]
INFO: [ app_begin ] --START--
INFO: Run Behavior\ReadHtmlCacheBehavior [ RunTime:0.001000s ]
INFO: [ app_begin ] --END-- [ RunTime:0.001000s ]
SQL: SHOW COLUMNS FROM `oj_job_category` [ RunTime:0.0030s ]
SQL: SELECT * FROM `oj_job_category`  [ RunTime:0.0000s ]
SQL: SELECT * FROM `oj_job_category` WHERE ( id=73 ) LIMIT 1   [ RunTime:0.0000s ]
SQL: select *,CONCAT(path,'_',id) as pathid from oj_job_category order by pathid asc [ RunTime:0.0020s ]
INFO: [ view_parse ] --START--
INFO: [ template_filter ] --START--
INFO: Run Behavior\ContentReplaceBehavior [ RunTime:0.000000s ]
INFO: [ template_filter ] --END-- [ RunTime:0.000000s ]
INFO: Run Behavior\ParseTemplateBehavior [ RunTime:0.019000s ]
INFO: [ view_parse ] --END-- [ RunTime:0.019000s ]
INFO: [ view_filter ] --START--
INFO: Run Behavior\WriteHtmlCacheBehavior [ RunTime:0.001000s ]
INFO: [ view_filter ] --END-- [ RunTime:0.001000s ]
INFO: [ app_end ] --START--
INFO: Run Behavior\ShowPageTraceBehavior [ RunTime:0.000000s ]
INFO: [ app_end ] --END-- [ RunTime:0.000000s ]

[ 2017-02-15T12:51:38+08:00 ] 127.0.0.1 /Admin/Type/doEdit.html
INFO: [ app_init ] --START--
INFO: Run Behavior\BuildLiteBehavior [ RunTime:0.000000s ]
INFO: [ app_init ] --END-- [ RunTime:0.000000s ]
INFO: [ app_begin ] --START--
INFO: Run Behavior\ReadHtmlCacheBehavior [ RunTime:0.001000s ]
INFO: [ app_begin ] --END-- [ RunTime:0.001000s ]
SQL: SHOW COLUMNS FROM `oj_job_category` [ RunTime:0.0070s ]
SQL: SELECT * FROM `oj_job_category`  [ RunTime:0.0010s ]
NOTIC: [2] Missing argument 1 for I(), called in F:\phpspace\onejob\Application\Admin\Controller\TypeController.class.php on line 76 and defined F:\phpspace\onejob\ThinkPHP\Common\functions.php 第 271 行.
NOTIC: [8] Undefined variable: name F:\phpspace\onejob\ThinkPHP\Common\functions.php 第 273 行.
NOTIC: [8] Undefined variable: name F:\phpspace\onejob\ThinkPHP\Common\functions.php 第 278 行.
NOTIC: [8] Undefined variable: name F:\phpspace\onejob\ThinkPHP\Common\functions.php 第 339 行.
SQL: SELECT * FROM `oj_job_category` WHERE ( id=7 ) LIMIT 1   [ RunTime:0.0000s ]
SQL: UPDATE `oj_job_category` SET `pid`='7',`name`='Flash',`path`='0_1_7' WHERE `id` = 73 [ RunTime:0.0130s ]

[ 2017-02-15T12:51:38+08:00 ] 127.0.0.1 /Admin/Type/index.html
INFO: [ app_init ] --START--
INFO: Run Behavior\BuildLiteBehavior [ RunTime:0.000000s ]
INFO: [ app_init ] --END-- [ RunTime:0.000000s ]
INFO: [ app_begin ] --START--
INFO: Run Behavior\ReadHtmlCacheBehavior [ RunTime:0.000000s ]
INFO: [ app_begin ] --END-- [ RunTime:0.000000s ]
SQL: SHOW COLUMNS FROM `oj_job_category` [ RunTime:0.0090s ]
SQL: SELECT * FROM `oj_job_category`  [ RunTime:0.0010s ]
INFO: [ view_parse ] --START--
INFO: [ template_filter ] --START--
INFO: Run Behavior\ContentReplaceBehavior [ RunTime:0.000000s ]
INFO: [ template_filter ] --END-- [ RunTime:0.000000s ]
NOTIC: [8] Use of undefined constant type - assumed 'type' F:\phpspace\onejob\Application\Runtime\Cache\Admin\3b6e6feb5346d731534a67390cc3c121.php 第 102 行.
NOTIC: [8] Use of undefined constant type - assumed 'type' F:\phpspace\onejob\Application\Runtime\Cache\Admin\3b6e6feb5346d731534a67390cc3c121.php 第 109 行.
NOTIC: [8] Use of undefined constant type - assumed 'type' F:\phpspace\onejob\Application\Runtime\Cache\Admin\3b6e6feb5346d731534a67390cc3c121.php 第 125 行.
NOTIC: [8] Use of undefined constant ac - assumed 'ac' F:\phpspace\onejob\Application\Runtime\Cache\Admin\3b6e6feb5346d731534a67390cc3c121.php 第 132 行.
NOTIC: [8] Use of undefined constant ac - assumed 'ac' F:\phpspace\onejob\Application\Runtime\Cache\Admin\3b6e6feb5346d731534a67390cc3c121.php 第 138 行.
NOTIC: [8] Use of undefined constant type - assumed 'type' F:\phpspace\onejob\Application\Runtime\Cache\Admin\3b6e6feb5346d731534a67390cc3c121.php 第 147 行.
NOTIC: [8] Use of undefined constant ac - assumed 'ac' F:\phpspace\onejob\Application\Runtime\Cache\Admin\3b6e6feb5346d731534a67390cc3c121.php 第 154 行.
NOTIC: [8] Use of undefined constant type - assumed 'type' F:\phpspace\onejob\Application\Runtime\Cache\Admin\3b6e6feb5346d731534a67390cc3c121.php 第 163 行.
NOTIC: [8] Use of undefined constant ac - assumed 'ac' F:\phpspace\onejob\Application\Runtime\Cache\Admin\3b6e6feb5346d731534a67390cc3c121.php 第 170 行.
NOTIC: [8] Use of undefined constant type - assumed 'type' F:\phpspace\onejob\Application\Runtime\Cache\Admin\3b6e6feb5346d731534a67390cc3c121.php 第 179 行.
INFO: Run Behavior\ParseTemplateBehavior [ RunTime:0.012000s ]
INFO: [ view_parse ] --END-- [ RunTime:0.012000s ]
INFO: [ view_filter ] --START--
INFO: Run Behavior\WriteHtmlCacheBehavior [ RunTime:0.000000s ]
INFO: [ view_filter ] --END-- [ RunTime:0.000000s ]
INFO: [ app_end ] --START--
INFO: Run Behavior\ShowPageTraceBehavior [ RunTime:0.000000s ]
INFO: [ app_end ] --END-- [ RunTime:0.000000s ]

[ 2017-02-15T15:37:44+08:00 ] 127.0.0.1 /admin
INFO: [ app_init ] --START--
INFO: Run Behavior\BuildLiteBehavior [ RunTime:0.000000s ]
INFO: [ app_init ] --END-- [ RunTime:0.000000s ]
INFO: [ app_begin ] --START--
INFO: Run Behavior\ReadHtmlCacheBehavior [ RunTime:0.000000s ]
INFO: [ app_begin ] --END-- [ RunTime:0.000000s ]
SQL: SHOW COLUMNS FROM `oj_users` [ RunTime:0.0040s ]
SQL: SELECT COUNT(*) AS tp_count FROM `oj_users` WHERE ( type=1 ) LIMIT 1   [ RunTime:0.0010s ]
SQL: SELECT COUNT(*) AS tp_count FROM `oj_users` WHERE ( type=2 ) LIMIT 1   [ RunTime:0.0000s ]
SQL: SHOW COLUMNS FROM `oj_resume` [ RunTime:0.0160s ]
SQL: SELECT COUNT(*) AS tp_count FROM `oj_resume` LIMIT 1   [ RunTime:0.0000s ]
SQL: SHOW COLUMNS FROM `oj_job` [ RunTime:0.0060s ]
SQL: SELECT COUNT(*) AS tp_count FROM `oj_job` LIMIT 1   [ RunTime:0.0000s ]
SQL: SHOW COLUMNS FROM `oj_links` [ RunTime:0.0040s ]
SQL: SELECT COUNT(*) AS tp_count FROM `oj_links` LIMIT 1   [ RunTime:0.0000s ]
SQL: SELECT COUNT(*) AS tp_count FROM `oj_users` WHERE ( type=1 and state=1 ) LIMIT 1   [ RunTime:0.0000s ]
SQL: SELECT COUNT(*) AS tp_count FROM `oj_users` WHERE ( type=1 and state=0 ) LIMIT 1   [ RunTime:0.0010s ]
SQL: SHOW COLUMNS FROM `oj_company` [ RunTime:0.0030s ]
SQL: SELECT COUNT(*) AS tp_count FROM `oj_company` WHERE ( state=1 ) LIMIT 1   [ RunTime:0.0010s ]
SQL: SELECT COUNT(*) AS tp_count FROM `oj_company` WHERE ( state=2 ) LIMIT 1   [ RunTime:0.0000s ]
INFO: [ view_parse ] --START--
INFO: [ template_filter ] --START--
INFO: Run Behavior\ContentReplaceBehavior [ RunTime:0.001000s ]
INFO: [ template_filter ] --END-- [ RunTime:0.001000s ]
NOTIC: [8] Use of undefined constant index - assumed 'index' F:\phpspace\onejob\Application\Runtime\Cache\Admin\b595b808c2ebeeeb0478ffc30bb4e87a.php 第 102 行.
NOTIC: [8] Use of undefined constant index - assumed 'index' F:\phpspace\onejob\Application\Runtime\Cache\Admin\b595b808c2ebeeeb0478ffc30bb4e87a.php 第 109 行.
NOTIC: [8] Use of undefined constant index - assumed 'index' F:\phpspace\onejob\Application\Runtime\Cache\Admin\b595b808c2ebeeeb0478ffc30bb4e87a.php 第 125 行.
NOTIC: [8] Use of undefined constant ac - assumed 'ac' F:\phpspace\onejob\Application\Runtime\Cache\Admin\b595b808c2ebeeeb0478ffc30bb4e87a.php 第 132 行.
NOTIC: [8] Use of undefined constant ac - assumed 'ac' F:\phpspace\onejob\Application\Runtime\Cache\Admin\b595b808c2ebeeeb0478ffc30bb4e87a.php 第 138 行.
NOTIC: [8] Use of undefined constant index - assumed 'index' F:\phpspace\onejob\Application\Runtime\Cache\Admin\b595b808c2ebeeeb0478ffc30bb4e87a.php 第 147 行.
NOTIC: [8] Use of undefined constant ac - assumed 'ac' F:\phpspace\onejob\Application\Runtime\Cache\Admin\b595b808c2ebeeeb0478ffc30bb4e87a.php 第 154 行.
NOTIC: [8] Use of undefined constant index - assumed 'index' F:\phpspace\onejob\Application\Runtime\Cache\Admin\b595b808c2ebeeeb0478ffc30bb4e87a.php 第 163 行.
NOTIC: [8] Use of undefined constant ac - assumed 'ac' F:\phpspace\onejob\Application\Runtime\Cache\Admin\b595b808c2ebeeeb0478ffc30bb4e87a.php 第 170 行.
NOTIC: [8] Use of undefined constant index - assumed 'index' F:\phpspace\onejob\Application\Runtime\Cache\Admin\b595b808c2ebeeeb0478ffc30bb4e87a.php 第 179 行.
INFO: Run Behavior\ParseTemplateBehavior [ RunTime:0.008000s ]
INFO: [ view_parse ] --END-- [ RunTime:0.008000s ]
INFO: [ view_filter ] --START--
INFO: Run Behavior\WriteHtmlCacheBehavior [ RunTime:0.000000s ]
INFO: [ view_filter ] --END-- [ RunTime:0.000000s ]
INFO: [ app_end ] --START--
INFO: Run Behavior\ShowPageTraceBehavior [ RunTime:0.001000s ]
INFO: [ app_end ] --END-- [ RunTime:0.001000s ]

[ 2017-02-15T15:37:49+08:00 ] 127.0.0.1 /Admin/Type/index.html
INFO: [ app_init ] --START--
INFO: Run Behavior\BuildLiteBehavior [ RunTime:0.000000s ]
INFO: [ app_init ] --END-- [ RunTime:0.000000s ]
INFO: [ app_begin ] --START--
INFO: Run Behavior\ReadHtmlCacheBehavior [ RunTime:0.000000s ]
INFO: [ app_begin ] --END-- [ RunTime:0.000000s ]
SQL: SHOW COLUMNS FROM `oj_job_category` [ RunTime:0.0060s ]
SQL: SELECT * FROM `oj_job_category`  [ RunTime:0.0010s ]
INFO: [ view_parse ] --START--
INFO: [ template_filter ] --START--
INFO: Run Behavior\ContentReplaceBehavior [ RunTime:0.000000s ]
INFO: [ template_filter ] --END-- [ RunTime:0.000000s ]
NOTIC: [8] Use of undefined constant type - assumed 'type' F:\phpspace\onejob\Application\Runtime\Cache\Admin\3b6e6feb5346d731534a67390cc3c121.php 第 102 行.
NOTIC: [8] Use of undefined constant type - assumed 'type' F:\phpspace\onejob\Application\Runtime\Cache\Admin\3b6e6feb5346d731534a67390cc3c121.php 第 109 行.
NOTIC: [8] Use of undefined constant type - assumed 'type' F:\phpspace\onejob\Application\Runtime\Cache\Admin\3b6e6feb5346d731534a67390cc3c121.php 第 125 行.
NOTIC: [8] Use of undefined constant ac - assumed 'ac' F:\phpspace\onejob\Application\Runtime\Cache\Admin\3b6e6feb5346d731534a67390cc3c121.php 第 132 行.
NOTIC: [8] Use of undefined constant ac - assumed 'ac' F:\phpspace\onejob\Application\Runtime\Cache\Admin\3b6e6feb5346d731534a67390cc3c121.php 第 138 行.
NOTIC: [8] Use of undefined constant type - assumed 'type' F:\phpspace\onejob\Application\Runtime\Cache\Admin\3b6e6feb5346d731534a67390cc3c121.php 第 147 行.
NOTIC: [8] Use of undefined constant ac - assumed 'ac' F:\phpspace\onejob\Application\Runtime\Cache\Admin\3b6e6feb5346d731534a67390cc3c121.php 第 154 行.
NOTIC: [8] Use of undefined constant type - assumed 'type' F:\phpspace\onejob\Application\Runtime\Cache\Admin\3b6e6feb5346d731534a67390cc3c121.php 第 163 行.
NOTIC: [8] Use of undefined constant ac - assumed 'ac' F:\phpspace\onejob\Application\Runtime\Cache\Admin\3b6e6feb5346d731534a67390cc3c121.php 第 170 行.
NOTIC: [8] Use of undefined constant type - assumed 'type' F:\phpspace\onejob\Application\Runtime\Cache\Admin\3b6e6feb5346d731534a67390cc3c121.php 第 179 行.
INFO: Run Behavior\ParseTemplateBehavior [ RunTime:0.011000s ]
INFO: [ view_parse ] --END-- [ RunTime:0.011000s ]
INFO: [ view_filter ] --START--
INFO: Run Behavior\WriteHtmlCacheBehavior [ RunTime:0.000000s ]
INFO: [ view_filter ] --END-- [ RunTime:0.000000s ]
INFO: [ app_end ] --START--
INFO: Run Behavior\ShowPageTraceBehavior [ RunTime:0.000000s ]
INFO: [ app_end ] --END-- [ RunTime:0.001000s ]

[ 2017-02-15T15:37:54+08:00 ] 127.0.0.1 /Admin/Type/edit/id/9.html
INFO: [ app_init ] --START--
INFO: Run Behavior\BuildLiteBehavior [ RunTime:0.000000s ]
INFO: [ app_init ] --END-- [ RunTime:0.000000s ]
INFO: [ app_begin ] --START--
INFO: Run Behavior\ReadHtmlCacheBehavior [ RunTime:0.000000s ]
INFO: [ app_begin ] --END-- [ RunTime:0.000000s ]
SQL: SHOW COLUMNS FROM `oj_job_category` [ RunTime:0.0030s ]
SQL: SELECT * FROM `oj_job_category`  [ RunTime:0.0010s ]
SQL: SELECT * FROM `oj_job_category` WHERE ( id=9 ) LIMIT 1   [ RunTime:0.0000s ]
SQL: select *,CONCAT(path,'_',id) as pathid from oj_job_category order by pathid asc [ RunTime:0.0020s ]
INFO: [ view_parse ] --START--
INFO: [ template_filter ] --START--
INFO: Run Behavior\ContentReplaceBehavior [ RunTime:0.000000s ]
INFO: [ template_filter ] --END-- [ RunTime:0.001000s ]
INFO: Run Behavior\ParseTemplateBehavior [ RunTime:0.007000s ]
INFO: [ view_parse ] --END-- [ RunTime:0.007000s ]
INFO: [ view_filter ] --START--
INFO: Run Behavior\WriteHtmlCacheBehavior [ RunTime:0.000000s ]
INFO: [ view_filter ] --END-- [ RunTime:0.000000s ]
INFO: [ app_end ] --START--
INFO: Run Behavior\ShowPageTraceBehavior [ RunTime:0.001000s ]
INFO: [ app_end ] --END-- [ RunTime:0.001000s ]

[ 2017-02-15T22:06:53+08:00 ] 127.0.0.1 /admin
INFO: [ app_init ] --START--
INFO: Run Behavior\BuildLiteBehavior [ RunTime:0.000000s ]
INFO: [ app_init ] --END-- [ RunTime:0.000000s ]
INFO: [ app_begin ] --START--
INFO: Run Behavior\ReadHtmlCacheBehavior [ RunTime:0.000000s ]
INFO: [ app_begin ] --END-- [ RunTime:0.000000s ]
SQL: SHOW COLUMNS FROM `oj_users` [ RunTime:0.0070s ]
SQL: SELECT COUNT(*) AS tp_count FROM `oj_users` WHERE ( type=1 ) LIMIT 1   [ RunTime:0.0000s ]
SQL: SELECT COUNT(*) AS tp_count FROM `oj_users` WHERE ( type=2 ) LIMIT 1   [ RunTime:0.0000s ]
SQL: SHOW COLUMNS FROM `oj_resume` [ RunTime:0.0060s ]
SQL: SELECT COUNT(*) AS tp_count FROM `oj_resume` LIMIT 1   [ RunTime:0.0000s ]
SQL: SHOW COLUMNS FROM `oj_job` [ RunTime:0.0120s ]
SQL: SELECT COUNT(*) AS tp_count FROM `oj_job` LIMIT 1   [ RunTime:0.0010s ]
SQL: SHOW COLUMNS FROM `oj_links` [ RunTime:0.0070s ]
SQL: SELECT COUNT(*) AS tp_count FROM `oj_links` LIMIT 1   [ RunTime:0.0000s ]
SQL: SELECT COUNT(*) AS tp_count FROM `oj_users` WHERE ( type=1 and state=1 ) LIMIT 1   [ RunTime:0.0010s ]
SQL: SELECT COUNT(*) AS tp_count FROM `oj_users` WHERE ( type=1 and state=0 ) LIMIT 1   [ RunTime:0.0000s ]
SQL: SHOW COLUMNS FROM `oj_company` [ RunTime:0.0100s ]
SQL: SELECT COUNT(*) AS tp_count FROM `oj_company` WHERE ( state=1 ) LIMIT 1   [ RunTime:0.0020s ]
SQL: SELECT COUNT(*) AS tp_count FROM `oj_company` WHERE ( state=2 ) LIMIT 1   [ RunTime:0.0000s ]
INFO: [ view_parse ] --START--
INFO: [ template_filter ] --START--
INFO: Run Behavior\ContentReplaceBehavior [ RunTime:0.000000s ]
INFO: [ template_filter ] --END-- [ RunTime:0.000000s ]
NOTIC: [8] Use of undefined constant index - assumed 'index' F:\phpspace\onejob\Application\Runtime\Cache\Admin\b595b808c2ebeeeb0478ffc30bb4e87a.php 第 102 行.
NOTIC: [8] Use of undefined constant index - assumed 'index' F:\phpspace\onejob\Application\Runtime\Cache\Admin\b595b808c2ebeeeb0478ffc30bb4e87a.php 第 109 行.
NOTIC: [8] Use of undefined constant index - assumed 'index' F:\phpspace\onejob\Application\Runtime\Cache\Admin\b595b808c2ebeeeb0478ffc30bb4e87a.php 第 125 行.
NOTIC: [8] Use of undefined constant ac - assumed 'ac' F:\phpspace\onejob\Application\Runtime\Cache\Admin\b595b808c2ebeeeb0478ffc30bb4e87a.php 第 132 行.
NOTIC: [8] Use of undefined constant ac - assumed 'ac' F:\phpspace\onejob\Application\Runtime\Cache\Admin\b595b808c2ebeeeb0478ffc30bb4e87a.php 第 138 行.
NOTIC: [8] Use of undefined constant index - assumed 'index' F:\phpspace\onejob\Application\Runtime\Cache\Admin\b595b808c2ebeeeb0478ffc30bb4e87a.php 第 147 行.
NOTIC: [8] Use of undefined constant ac - assumed 'ac' F:\phpspace\onejob\Application\Runtime\Cache\Admin\b595b808c2ebeeeb0478ffc30bb4e87a.php 第 154 行.
NOTIC: [8] Use of undefined constant index - assumed 'index' F:\phpspace\onejob\Application\Runtime\Cache\Admin\b595b808c2ebeeeb0478ffc30bb4e87a.php 第 163 行.
NOTIC: [8] Use of undefined constant ac - assumed 'ac' F:\phpspace\onejob\Application\Runtime\Cache\Admin\b595b808c2ebeeeb0478ffc30bb4e87a.php 第 170 行.
NOTIC: [8] Use of undefined constant index - assumed 'index' F:\phpspace\onejob\Application\Runtime\Cache\Admin\b595b808c2ebeeeb0478ffc30bb4e87a.php 第 179 行.
INFO: Run Behavior\ParseTemplateBehavior [ RunTime:0.018000s ]
INFO: [ view_parse ] --END-- [ RunTime:0.018000s ]
INFO: [ view_filter ] --START--
INFO: Run Behavior\WriteHtmlCacheBehavior [ RunTime:0.000000s ]
INFO: [ view_filter ] --END-- [ RunTime:0.000000s ]
INFO: [ app_end ] --START--
INFO: Run Behavior\ShowPageTraceBehavior [ RunTime:0.001000s ]
INFO: [ app_end ] --END-- [ RunTime:0.001000s ]

[ 2017-02-15T22:06:59+08:00 ] 127.0.0.1 /admin
INFO: [ app_init ] --START--
INFO: Run Behavior\BuildLiteBehavior [ RunTime:0.000000s ]
INFO: [ app_init ] --END-- [ RunTime:0.000000s ]
INFO: [ app_begin ] --START--
INFO: Run Behavior\ReadHtmlCacheBehavior [ RunTime:0.000000s ]
INFO: [ app_begin ] --END-- [ RunTime:0.001000s ]
SQL: SHOW COLUMNS FROM `oj_users` [ RunTime:0.0070s ]
SQL: SELECT COUNT(*) AS tp_count FROM `oj_users` WHERE ( type=1 ) LIMIT 1   [ RunTime:0.0000s ]
SQL: SELECT COUNT(*) AS tp_count FROM `oj_users` WHERE ( type=2 ) LIMIT 1   [ RunTime:0.0000s ]
SQL: SHOW COLUMNS FROM `oj_resume` [ RunTime:0.0100s ]
SQL: SELECT COUNT(*) AS tp_count FROM `oj_resume` LIMIT 1   [ RunTime:0.0000s ]
SQL: SHOW COLUMNS FROM `oj_job` [ RunTime:0.0050s ]
SQL: SELECT COUNT(*) AS tp_count FROM `oj_job` LIMIT 1   [ RunTime:0.0010s ]
SQL: SHOW COLUMNS FROM `oj_links` [ RunTime:0.0060s ]
SQL: SELECT COUNT(*) AS tp_count FROM `oj_links` LIMIT 1   [ RunTime:0.0010s ]
SQL: SELECT COUNT(*) AS tp_count FROM `oj_users` WHERE ( type=1 and state=1 ) LIMIT 1   [ RunTime:0.0020s ]
SQL: SELECT COUNT(*) AS tp_count FROM `oj_users` WHERE ( type=1 and state=0 ) LIMIT 1   [ RunTime:0.0020s ]
SQL: SHOW COLUMNS FROM `oj_company` [ RunTime:0.0050s ]
SQL: SELECT COUNT(*) AS tp_count FROM `oj_company` WHERE ( state=1 ) LIMIT 1   [ RunTime:0.0010s ]
SQL: SELECT COUNT(*) AS tp_count FROM `oj_company` WHERE ( state=2 ) LIMIT 1   [ RunTime:0.0000s ]
INFO: [ view_parse ] --START--
INFO: [ template_filter ] --START--
INFO: Run Behavior\ContentReplaceBehavior [ RunTime:0.000000s ]
INFO: [ template_filter ] --END-- [ RunTime:0.000000s ]
NOTIC: [8] Use of undefined constant index - assumed 'index' F:\phpspace\onejob\Application\Runtime\Cache\Admin\b595b808c2ebeeeb0478ffc30bb4e87a.php 第 102 行.
NOTIC: [8] Use of undefined constant index - assumed 'index' F:\phpspace\onejob\Application\Runtime\Cache\Admin\b595b808c2ebeeeb0478ffc30bb4e87a.php 第 109 行.
NOTIC: [8] Use of undefined constant index - assumed 'index' F:\phpspace\onejob\Application\Runtime\Cache\Admin\b595b808c2ebeeeb0478ffc30bb4e87a.php 第 125 行.
NOTIC: [8] Use of undefined constant ac - assumed 'ac' F:\phpspace\onejob\Application\Runtime\Cache\Admin\b595b808c2ebeeeb0478ffc30bb4e87a.php 第 132 行.
NOTIC: [8] Use of undefined constant ac - assumed 'ac' F:\phpspace\onejob\Application\Runtime\Cache\Admin\b595b808c2ebeeeb0478ffc30bb4e87a.php 第 138 行.
NOTIC: [8] Use of undefined constant index - assumed 'index' F:\phpspace\onejob\Application\Runtime\Cache\Admin\b595b808c2ebeeeb0478ffc30bb4e87a.php 第 147 行.
NOTIC: [8] Use of undefined constant ac - assumed 'ac' F:\phpspace\onejob\Application\Runtime\Cache\Admin\b595b808c2ebeeeb0478ffc30bb4e87a.php 第 154 行.
NOTIC: [8] Use of undefined constant index - assumed 'index' F:\phpspace\onejob\Application\Runtime\Cache\Admin\b595b808c2ebeeeb0478ffc30bb4e87a.php 第 163 行.
NOTIC: [8] Use of undefined constant ac - assumed 'ac' F:\phpspace\onejob\Application\Runtime\Cache\Admin\b595b808c2ebeeeb0478ffc30bb4e87a.php 第 170 行.
NOTIC: [8] Use of undefined constant index - assumed 'index' F:\phpspace\onejob\Application\Runtime\Cache\Admin\b595b808c2ebeeeb0478ffc30bb4e87a.php 第 179 行.
INFO: Run Behavior\ParseTemplateBehavior [ RunTime:0.014000s ]
INFO: [ view_parse ] --END-- [ RunTime:0.014000s ]
INFO: [ view_filter ] --START--
INFO: Run Behavior\WriteHtmlCacheBehavior [ RunTime:0.000000s ]
INFO: [ view_filter ] --END-- [ RunTime:0.000000s ]
INFO: [ app_end ] --START--
INFO: Run Behavior\ShowPageTraceBehavior [ RunTime:0.001000s ]
INFO: [ app_end ] --END-- [ RunTime:0.001000s ]

[ 2017-02-15T22:07:01+08:00 ] 127.0.0.1 /Admin/Type/index.html
INFO: [ app_init ] --START--
INFO: Run Behavior\BuildLiteBehavior [ RunTime:0.000000s ]
INFO: [ app_init ] --END-- [ RunTime:0.000000s ]
INFO: [ app_begin ] --START--
INFO: Run Behavior\ReadHtmlCacheBehavior [ RunTime:0.000000s ]
INFO: [ app_begin ] --END-- [ RunTime:0.001000s ]
SQL: SHOW COLUMNS FROM `oj_job_category` [ RunTime:0.0080s ]
SQL: SELECT * FROM `oj_job_category`  [ RunTime:0.0010s ]
INFO: [ view_parse ] --START--
INFO: [ template_filter ] --START--
INFO: Run Behavior\ContentReplaceBehavior [ RunTime:0.000000s ]
INFO: [ template_filter ] --END-- [ RunTime:0.000000s ]
NOTIC: [8] Use of undefined constant type - assumed 'type' F:\phpspace\onejob\Application\Runtime\Cache\Admin\3b6e6feb5346d731534a67390cc3c121.php 第 102 行.
NOTIC: [8] Use of undefined constant type - assumed 'type' F:\phpspace\onejob\Application\Runtime\Cache\Admin\3b6e6feb5346d731534a67390cc3c121.php 第 109 行.
NOTIC: [8] Use of undefined constant type - assumed 'type' F:\phpspace\onejob\Application\Runtime\Cache\Admin\3b6e6feb5346d731534a67390cc3c121.php 第 125 行.
NOTIC: [8] Use of undefined constant ac - assumed 'ac' F:\phpspace\onejob\Application\Runtime\Cache\Admin\3b6e6feb5346d731534a67390cc3c121.php 第 132 行.
NOTIC: [8] Use of undefined constant ac - assumed 'ac' F:\phpspace\onejob\Application\Runtime\Cache\Admin\3b6e6feb5346d731534a67390cc3c121.php 第 138 行.
NOTIC: [8] Use of undefined constant type - assumed 'type' F:\phpspace\onejob\Application\Runtime\Cache\Admin\3b6e6feb5346d731534a67390cc3c121.php 第 147 行.
NOTIC: [8] Use of undefined constant ac - assumed 'ac' F:\phpspace\onejob\Application\Runtime\Cache\Admin\3b6e6feb5346d731534a67390cc3c121.php 第 154 行.
NOTIC: [8] Use of undefined constant type - assumed 'type' F:\phpspace\onejob\Application\Runtime\Cache\Admin\3b6e6feb5346d731534a67390cc3c121.php 第 163 行.
NOTIC: [8] Use of undefined constant ac - assumed 'ac' F:\phpspace\onejob\Application\Runtime\Cache\Admin\3b6e6feb5346d731534a67390cc3c121.php 第 170 行.
NOTIC: [8] Use of undefined constant type - assumed 'type' F:\phpspace\onejob\Application\Runtime\Cache\Admin\3b6e6feb5346d731534a67390cc3c121.php 第 179 行.
INFO: Run Behavior\ParseTemplateBehavior [ RunTime:0.012000s ]
INFO: [ view_parse ] --END-- [ RunTime:0.012000s ]
INFO: [ view_filter ] --START--
INFO: Run Behavior\WriteHtmlCacheBehavior [ RunTime:0.000000s ]
INFO: [ view_filter ] --END-- [ RunTime:0.000000s ]
INFO: [ app_end ] --START--
INFO: Run Behavior\ShowPageTraceBehavior [ RunTime:0.000000s ]
INFO: [ app_end ] --END-- [ RunTime:0.000000s ]

